{"": {"path":"","all":false,"statementMap":{"0":{"start":{"line":1,"column":0},"end":{"line":1,"column":2}},"1":{"start":{"line":2,"column":0},"end":{"line":2,"column":57}},"2":{"start":{"line":3,"column":0},"end":{"line":3,"column":77}},"3":{"start":{"line":4,"column":0},"end":{"line":4,"column":108}},"4":{"start":{"line":5,"column":0},"end":{"line":5,"column":120}},"5":{"start":{"line":6,"column":0},"end":{"line":6,"column":56}},"6":{"start":{"line":7,"column":0},"end":{"line":7,"column":125}},"7":{"start":{"line":8,"column":0},"end":{"line":8,"column":3}},"8":{"start":{"line":9,"column":0},"end":{"line":9,"column":42}},"9":{"start":{"line":10,"column":0},"end":{"line":10,"column":23}},"10":{"start":{"line":11,"column":0},"end":{"line":11,"column":41}},"11":{"start":{"line":12,"column":0},"end":{"line":12,"column":74}},"12":{"start":{"line":13,"column":0},"end":{"line":13,"column":29}},"13":{"start":{"line":14,"column":0},"end":{"line":14,"column":44}},"14":{"start":{"line":15,"column":0},"end":{"line":15,"column":10}},"15":{"start":{"line":16,"column":0},"end":{"line":16,"column":33}},"16":{"start":{"line":17,"column":0},"end":{"line":17,"column":50}},"17":{"start":{"line":18,"column":0},"end":{"line":18,"column":41}},"18":{"start":{"line":19,"column":0},"end":{"line":19,"column":65}},"19":{"start":{"line":20,"column":0},"end":{"line":20,"column":44}},"20":{"start":{"line":21,"column":0},"end":{"line":21,"column":75}},"21":{"start":{"line":22,"column":0},"end":{"line":22,"column":40}},"22":{"start":{"line":23,"column":0},"end":{"line":23,"column":12}},"23":{"start":{"line":24,"column":0},"end":{"line":24,"column":61}},"24":{"start":{"line":25,"column":0},"end":{"line":25,"column":62}},"25":{"start":{"line":26,"column":0},"end":{"line":26,"column":25}},"26":{"start":{"line":27,"column":0},"end":{"line":27,"column":26}},"27":{"start":{"line":28,"column":0},"end":{"line":28,"column":23}},"28":{"start":{"line":29,"column":0},"end":{"line":29,"column":13}},"29":{"start":{"line":30,"column":0},"end":{"line":30,"column":10}},"30":{"start":{"line":31,"column":0},"end":{"line":31,"column":41}},"31":{"start":{"line":32,"column":0},"end":{"line":32,"column":28}},"32":{"start":{"line":33,"column":0},"end":{"line":33,"column":16}},"33":{"start":{"line":34,"column":0},"end":{"line":34,"column":133}},"34":{"start":{"line":35,"column":0},"end":{"line":35,"column":87}},"35":{"start":{"line":36,"column":0},"end":{"line":36,"column":40}},"36":{"start":{"line":37,"column":0},"end":{"line":37,"column":98}},"37":{"start":{"line":38,"column":0},"end":{"line":38,"column":26}},"38":{"start":{"line":39,"column":0},"end":{"line":39,"column":22}},"39":{"start":{"line":40,"column":0},"end":{"line":40,"column":64}},"40":{"start":{"line":41,"column":0},"end":{"line":41,"column":12}},"41":{"start":{"line":42,"column":0},"end":{"line":42,"column":10}},"42":{"start":{"line":43,"column":0},"end":{"line":43,"column":39}},"43":{"start":{"line":44,"column":0},"end":{"line":44,"column":32}},"44":{"start":{"line":45,"column":0},"end":{"line":45,"column":10}},"45":{"start":{"line":46,"column":0},"end":{"line":46,"column":46}},"46":{"start":{"line":47,"column":0},"end":{"line":47,"column":33}},"47":{"start":{"line":48,"column":0},"end":{"line":48,"column":11}},"48":{"start":{"line":49,"column":0},"end":{"line":49,"column":10}},"49":{"start":{"line":50,"column":0},"end":{"line":50,"column":60}},"50":{"start":{"line":51,"column":0},"end":{"line":51,"column":54}},"51":{"start":{"line":52,"column":0},"end":{"line":52,"column":10}},"52":{"start":{"line":53,"column":0},"end":{"line":53,"column":36}},"53":{"start":{"line":54,"column":0},"end":{"line":54,"column":59}},"54":{"start":{"line":55,"column":0},"end":{"line":55,"column":10}},"55":{"start":{"line":56,"column":0},"end":{"line":56,"column":52}},"56":{"start":{"line":57,"column":0},"end":{"line":57,"column":37}},"57":{"start":{"line":58,"column":0},"end":{"line":58,"column":10}},"58":{"start":{"line":59,"column":0},"end":{"line":59,"column":74}},"59":{"start":{"line":60,"column":0},"end":{"line":60,"column":44}},"60":{"start":{"line":61,"column":0},"end":{"line":61,"column":23}},"61":{"start":{"line":62,"column":0},"end":{"line":62,"column":29}},"62":{"start":{"line":63,"column":0},"end":{"line":63,"column":77}},"63":{"start":{"line":64,"column":0},"end":{"line":64,"column":26}},"64":{"start":{"line":65,"column":0},"end":{"line":65,"column":38}},"65":{"start":{"line":66,"column":0},"end":{"line":66,"column":117}},"66":{"start":{"line":67,"column":0},"end":{"line":67,"column":52}},"67":{"start":{"line":68,"column":0},"end":{"line":68,"column":20}},"68":{"start":{"line":69,"column":0},"end":{"line":69,"column":13}},"69":{"start":{"line":70,"column":0},"end":{"line":70,"column":40}},"70":{"start":{"line":71,"column":0},"end":{"line":71,"column":55}},"71":{"start":{"line":72,"column":0},"end":{"line":72,"column":43}},"72":{"start":{"line":73,"column":0},"end":{"line":73,"column":37}},"73":{"start":{"line":74,"column":0},"end":{"line":74,"column":43}},"74":{"start":{"line":75,"column":0},"end":{"line":75,"column":34}},"75":{"start":{"line":76,"column":0},"end":{"line":76,"column":56}},"76":{"start":{"line":77,"column":0},"end":{"line":77,"column":180}},"77":{"start":{"line":78,"column":0},"end":{"line":78,"column":39}},"78":{"start":{"line":79,"column":0},"end":{"line":79,"column":22}},"79":{"start":{"line":80,"column":0},"end":{"line":80,"column":33}},"80":{"start":{"line":81,"column":0},"end":{"line":81,"column":67}},"81":{"start":{"line":82,"column":0},"end":{"line":82,"column":15}},"82":{"start":{"line":83,"column":0},"end":{"line":83,"column":14}},"83":{"start":{"line":84,"column":0},"end":{"line":84,"column":28}},"84":{"start":{"line":85,"column":0},"end":{"line":85,"column":37}},"85":{"start":{"line":86,"column":0},"end":{"line":86,"column":27}},"86":{"start":{"line":87,"column":0},"end":{"line":87,"column":46}},"87":{"start":{"line":88,"column":0},"end":{"line":88,"column":14}},"88":{"start":{"line":89,"column":0},"end":{"line":89,"column":13}},"89":{"start":{"line":90,"column":0},"end":{"line":90,"column":26}},"90":{"start":{"line":91,"column":0},"end":{"line":91,"column":13}},"91":{"start":{"line":92,"column":0},"end":{"line":92,"column":14}},"92":{"start":{"line":93,"column":0},"end":{"line":93,"column":10}},"93":{"start":{"line":94,"column":0},"end":{"line":94,"column":57}},"94":{"start":{"line":95,"column":0},"end":{"line":95,"column":23}},"95":{"start":{"line":96,"column":0},"end":{"line":96,"column":82}},"96":{"start":{"line":97,"column":0},"end":{"line":97,"column":53}},"97":{"start":{"line":98,"column":0},"end":{"line":98,"column":54}},"98":{"start":{"line":99,"column":0},"end":{"line":99,"column":55}},"99":{"start":{"line":100,"column":0},"end":{"line":100,"column":43}},"100":{"start":{"line":101,"column":0},"end":{"line":101,"column":57}},"101":{"start":{"line":102,"column":0},"end":{"line":102,"column":26}},"102":{"start":{"line":103,"column":0},"end":{"line":103,"column":13}},"103":{"start":{"line":104,"column":0},"end":{"line":104,"column":14}},"104":{"start":{"line":105,"column":0},"end":{"line":105,"column":10}},"105":{"start":{"line":106,"column":0},"end":{"line":106,"column":55}},"106":{"start":{"line":107,"column":0},"end":{"line":107,"column":23}},"107":{"start":{"line":108,"column":0},"end":{"line":108,"column":57}},"108":{"start":{"line":109,"column":0},"end":{"line":109,"column":66}},"109":{"start":{"line":110,"column":0},"end":{"line":110,"column":40}},"110":{"start":{"line":111,"column":0},"end":{"line":111,"column":97}},"111":{"start":{"line":112,"column":0},"end":{"line":112,"column":94}},"112":{"start":{"line":113,"column":0},"end":{"line":113,"column":14}},"113":{"start":{"line":114,"column":0},"end":{"line":114,"column":13}},"114":{"start":{"line":115,"column":0},"end":{"line":115,"column":13}},"115":{"start":{"line":116,"column":0},"end":{"line":116,"column":14}},"116":{"start":{"line":117,"column":0},"end":{"line":117,"column":10}},"117":{"start":{"line":118,"column":0},"end":{"line":118,"column":68}},"118":{"start":{"line":119,"column":0},"end":{"line":119,"column":23}},"119":{"start":{"line":120,"column":0},"end":{"line":120,"column":57}},"120":{"start":{"line":121,"column":0},"end":{"line":121,"column":55}},"121":{"start":{"line":122,"column":0},"end":{"line":122,"column":57}},"122":{"start":{"line":123,"column":0},"end":{"line":123,"column":98}},"123":{"start":{"line":124,"column":0},"end":{"line":124,"column":13}},"124":{"start":{"line":125,"column":0},"end":{"line":125,"column":14}},"125":{"start":{"line":126,"column":0},"end":{"line":126,"column":10}},"126":{"start":{"line":127,"column":0},"end":{"line":127,"column":60}},"127":{"start":{"line":128,"column":0},"end":{"line":128,"column":23}},"128":{"start":{"line":129,"column":0},"end":{"line":129,"column":134}},"129":{"start":{"line":130,"column":0},"end":{"line":130,"column":14}},"130":{"start":{"line":131,"column":0},"end":{"line":131,"column":10}},"131":{"start":{"line":132,"column":0},"end":{"line":132,"column":43}},"132":{"start":{"line":133,"column":0},"end":{"line":133,"column":23}},"133":{"start":{"line":134,"column":0},"end":{"line":134,"column":76}},"134":{"start":{"line":135,"column":0},"end":{"line":135,"column":14}},"135":{"start":{"line":136,"column":0},"end":{"line":136,"column":10}},"136":{"start":{"line":137,"column":0},"end":{"line":137,"column":38}},"137":{"start":{"line":138,"column":0},"end":{"line":138,"column":23}},"138":{"start":{"line":139,"column":0},"end":{"line":139,"column":48}},"139":{"start":{"line":140,"column":0},"end":{"line":140,"column":66}},"140":{"start":{"line":141,"column":0},"end":{"line":141,"column":17}},"141":{"start":{"line":142,"column":0},"end":{"line":142,"column":58}},"142":{"start":{"line":143,"column":0},"end":{"line":143,"column":25}},"143":{"start":{"line":144,"column":0},"end":{"line":144,"column":59}},"144":{"start":{"line":145,"column":0},"end":{"line":145,"column":13}},"145":{"start":{"line":146,"column":0},"end":{"line":146,"column":16}},"146":{"start":{"line":147,"column":0},"end":{"line":147,"column":14}},"147":{"start":{"line":148,"column":0},"end":{"line":148,"column":10}},"148":{"start":{"line":149,"column":0},"end":{"line":149,"column":56}},"149":{"start":{"line":150,"column":0},"end":{"line":150,"column":23}},"150":{"start":{"line":151,"column":0},"end":{"line":151,"column":55}},"151":{"start":{"line":152,"column":0},"end":{"line":152,"column":43}},"152":{"start":{"line":153,"column":0},"end":{"line":153,"column":55}},"153":{"start":{"line":154,"column":0},"end":{"line":154,"column":54}},"154":{"start":{"line":155,"column":0},"end":{"line":155,"column":30}},"155":{"start":{"line":156,"column":0},"end":{"line":156,"column":30}},"156":{"start":{"line":157,"column":0},"end":{"line":157,"column":133}},"157":{"start":{"line":158,"column":0},"end":{"line":158,"column":14}},"158":{"start":{"line":159,"column":0},"end":{"line":159,"column":15}},"159":{"start":{"line":160,"column":0},"end":{"line":160,"column":26}},"160":{"start":{"line":161,"column":0},"end":{"line":161,"column":13}},"161":{"start":{"line":162,"column":0},"end":{"line":162,"column":14}},"162":{"start":{"line":163,"column":0},"end":{"line":163,"column":10}},"163":{"start":{"line":164,"column":0},"end":{"line":164,"column":56}},"164":{"start":{"line":165,"column":0},"end":{"line":165,"column":23}},"165":{"start":{"line":166,"column":0},"end":{"line":166,"column":114}},"166":{"start":{"line":167,"column":0},"end":{"line":167,"column":14}},"167":{"start":{"line":168,"column":0},"end":{"line":168,"column":10}},"168":{"start":{"line":169,"column":0},"end":{"line":169,"column":43}},"169":{"start":{"line":170,"column":0},"end":{"line":170,"column":23}},"170":{"start":{"line":171,"column":0},"end":{"line":171,"column":31}},"171":{"start":{"line":172,"column":0},"end":{"line":172,"column":43}},"172":{"start":{"line":173,"column":0},"end":{"line":173,"column":65}},"173":{"start":{"line":174,"column":0},"end":{"line":174,"column":70}},"174":{"start":{"line":175,"column":0},"end":{"line":175,"column":71}},"175":{"start":{"line":176,"column":0},"end":{"line":176,"column":35}},"176":{"start":{"line":177,"column":0},"end":{"line":177,"column":35}},"177":{"start":{"line":178,"column":0},"end":{"line":178,"column":67}},"178":{"start":{"line":179,"column":0},"end":{"line":179,"column":54}},"179":{"start":{"line":180,"column":0},"end":{"line":180,"column":33}},"180":{"start":{"line":181,"column":0},"end":{"line":181,"column":130}},"181":{"start":{"line":182,"column":0},"end":{"line":182,"column":14}},"182":{"start":{"line":183,"column":0},"end":{"line":183,"column":13}},"183":{"start":{"line":184,"column":0},"end":{"line":184,"column":25}},"184":{"start":{"line":185,"column":0},"end":{"line":185,"column":31}},"185":{"start":{"line":186,"column":0},"end":{"line":186,"column":55}},"186":{"start":{"line":187,"column":0},"end":{"line":187,"column":11}},"187":{"start":{"line":188,"column":0},"end":{"line":188,"column":38}},"188":{"start":{"line":189,"column":0},"end":{"line":189,"column":34}},"189":{"start":{"line":190,"column":0},"end":{"line":190,"column":42}},"190":{"start":{"line":191,"column":0},"end":{"line":191,"column":67}},"191":{"start":{"line":192,"column":0},"end":{"line":192,"column":14}},"192":{"start":{"line":193,"column":0},"end":{"line":193,"column":74}},"193":{"start":{"line":194,"column":0},"end":{"line":194,"column":54}},"194":{"start":{"line":195,"column":0},"end":{"line":195,"column":13}},"195":{"start":{"line":196,"column":0},"end":{"line":196,"column":37}},"196":{"start":{"line":197,"column":0},"end":{"line":197,"column":58}},"197":{"start":{"line":198,"column":0},"end":{"line":198,"column":38}},"198":{"start":{"line":199,"column":0},"end":{"line":199,"column":51}},"199":{"start":{"line":200,"column":0},"end":{"line":200,"column":35}},"200":{"start":{"line":201,"column":0},"end":{"line":201,"column":43}},"201":{"start":{"line":202,"column":0},"end":{"line":202,"column":36}},"202":{"start":{"line":203,"column":0},"end":{"line":203,"column":72}},"203":{"start":{"line":204,"column":0},"end":{"line":204,"column":76}},"204":{"start":{"line":205,"column":0},"end":{"line":205,"column":41}},"205":{"start":{"line":206,"column":0},"end":{"line":206,"column":13}},"206":{"start":{"line":207,"column":0},"end":{"line":207,"column":122}},"207":{"start":{"line":208,"column":0},"end":{"line":208,"column":73}},"208":{"start":{"line":209,"column":0},"end":{"line":209,"column":71}},"209":{"start":{"line":210,"column":0},"end":{"line":210,"column":60}},"210":{"start":{"line":211,"column":0},"end":{"line":211,"column":13}},"211":{"start":{"line":212,"column":0},"end":{"line":212,"column":14}},"212":{"start":{"line":213,"column":0},"end":{"line":213,"column":10}},"213":{"start":{"line":214,"column":0},"end":{"line":214,"column":53}},"214":{"start":{"line":215,"column":0},"end":{"line":215,"column":23}},"215":{"start":{"line":216,"column":0},"end":{"line":216,"column":42}},"216":{"start":{"line":217,"column":0},"end":{"line":217,"column":54}},"217":{"start":{"line":218,"column":0},"end":{"line":218,"column":69}},"218":{"start":{"line":219,"column":0},"end":{"line":219,"column":85}},"219":{"start":{"line":220,"column":0},"end":{"line":220,"column":13}},"220":{"start":{"line":221,"column":0},"end":{"line":221,"column":74}},"221":{"start":{"line":222,"column":0},"end":{"line":222,"column":13}},"222":{"start":{"line":223,"column":0},"end":{"line":223,"column":14}},"223":{"start":{"line":224,"column":0},"end":{"line":224,"column":10}},"224":{"start":{"line":225,"column":0},"end":{"line":225,"column":52}},"225":{"start":{"line":226,"column":0},"end":{"line":226,"column":23}},"226":{"start":{"line":227,"column":0},"end":{"line":227,"column":22}},"227":{"start":{"line":228,"column":0},"end":{"line":228,"column":48}},"228":{"start":{"line":229,"column":0},"end":{"line":229,"column":106}},"229":{"start":{"line":230,"column":0},"end":{"line":230,"column":39}},"230":{"start":{"line":231,"column":0},"end":{"line":231,"column":23}},"231":{"start":{"line":232,"column":0},"end":{"line":232,"column":64}},"232":{"start":{"line":233,"column":0},"end":{"line":233,"column":60}},"233":{"start":{"line":234,"column":0},"end":{"line":234,"column":15}},"234":{"start":{"line":235,"column":0},"end":{"line":235,"column":84}},"235":{"start":{"line":236,"column":0},"end":{"line":236,"column":75}},"236":{"start":{"line":237,"column":0},"end":{"line":237,"column":14}},"237":{"start":{"line":238,"column":0},"end":{"line":238,"column":13}},"238":{"start":{"line":239,"column":0},"end":{"line":239,"column":26}},"239":{"start":{"line":240,"column":0},"end":{"line":240,"column":13}},"240":{"start":{"line":241,"column":0},"end":{"line":241,"column":14}},"241":{"start":{"line":242,"column":0},"end":{"line":242,"column":10}},"242":{"start":{"line":243,"column":0},"end":{"line":243,"column":52}},"243":{"start":{"line":244,"column":0},"end":{"line":244,"column":23}},"244":{"start":{"line":245,"column":0},"end":{"line":245,"column":111}},"245":{"start":{"line":246,"column":0},"end":{"line":246,"column":14}},"246":{"start":{"line":247,"column":0},"end":{"line":247,"column":10}},"247":{"start":{"line":248,"column":0},"end":{"line":248,"column":56}},"248":{"start":{"line":249,"column":0},"end":{"line":249,"column":23}},"249":{"start":{"line":250,"column":0},"end":{"line":250,"column":108}},"250":{"start":{"line":251,"column":0},"end":{"line":251,"column":14}},"251":{"start":{"line":252,"column":0},"end":{"line":252,"column":10}},"252":{"start":{"line":253,"column":0},"end":{"line":253,"column":54}},"253":{"start":{"line":254,"column":0},"end":{"line":254,"column":23}},"254":{"start":{"line":255,"column":0},"end":{"line":255,"column":38}},"255":{"start":{"line":256,"column":0},"end":{"line":256,"column":56}},"256":{"start":{"line":257,"column":0},"end":{"line":257,"column":11}},"257":{"start":{"line":258,"column":0},"end":{"line":258,"column":41}},"258":{"start":{"line":259,"column":0},"end":{"line":259,"column":34}},"259":{"start":{"line":260,"column":0},"end":{"line":260,"column":35}},"260":{"start":{"line":261,"column":0},"end":{"line":261,"column":11}},"261":{"start":{"line":262,"column":0},"end":{"line":262,"column":20}},"262":{"start":{"line":263,"column":0},"end":{"line":263,"column":45}},"263":{"start":{"line":264,"column":0},"end":{"line":264,"column":38}},"264":{"start":{"line":265,"column":0},"end":{"line":265,"column":11}},"265":{"start":{"line":266,"column":0},"end":{"line":266,"column":31}},"266":{"start":{"line":267,"column":0},"end":{"line":267,"column":36}},"267":{"start":{"line":268,"column":0},"end":{"line":268,"column":44}},"268":{"start":{"line":269,"column":0},"end":{"line":269,"column":11}},"269":{"start":{"line":270,"column":0},"end":{"line":270,"column":29}},"270":{"start":{"line":271,"column":0},"end":{"line":271,"column":42}},"271":{"start":{"line":272,"column":0},"end":{"line":272,"column":40}},"272":{"start":{"line":273,"column":0},"end":{"line":273,"column":11}},"273":{"start":{"line":274,"column":0},"end":{"line":274,"column":53}},"274":{"start":{"line":275,"column":0},"end":{"line":275,"column":56}},"275":{"start":{"line":276,"column":0},"end":{"line":276,"column":11}},"276":{"start":{"line":277,"column":0},"end":{"line":277,"column":58}},"277":{"start":{"line":278,"column":0},"end":{"line":278,"column":40}},"278":{"start":{"line":279,"column":0},"end":{"line":279,"column":69}},"279":{"start":{"line":280,"column":0},"end":{"line":280,"column":67}},"280":{"start":{"line":281,"column":0},"end":{"line":281,"column":44}},"281":{"start":{"line":282,"column":0},"end":{"line":282,"column":33}},"282":{"start":{"line":283,"column":0},"end":{"line":283,"column":32}},"283":{"start":{"line":284,"column":0},"end":{"line":284,"column":38}},"284":{"start":{"line":285,"column":0},"end":{"line":285,"column":14}},"285":{"start":{"line":286,"column":0},"end":{"line":286,"column":11}},"286":{"start":{"line":287,"column":0},"end":{"line":287,"column":41}},"287":{"start":{"line":288,"column":0},"end":{"line":288,"column":41}},"288":{"start":{"line":289,"column":0},"end":{"line":289,"column":11}},"289":{"start":{"line":290,"column":0},"end":{"line":290,"column":54}},"290":{"start":{"line":291,"column":0},"end":{"line":291,"column":48}},"291":{"start":{"line":292,"column":0},"end":{"line":292,"column":36}},"292":{"start":{"line":293,"column":0},"end":{"line":293,"column":41}},"293":{"start":{"line":294,"column":0},"end":{"line":294,"column":33}},"294":{"start":{"line":295,"column":0},"end":{"line":295,"column":46}},"295":{"start":{"line":296,"column":0},"end":{"line":296,"column":63}},"296":{"start":{"line":297,"column":0},"end":{"line":297,"column":54}},"297":{"start":{"line":298,"column":0},"end":{"line":298,"column":39}},"298":{"start":{"line":299,"column":0},"end":{"line":299,"column":16}},"299":{"start":{"line":300,"column":0},"end":{"line":300,"column":22}},"300":{"start":{"line":301,"column":0},"end":{"line":301,"column":43}},"301":{"start":{"line":302,"column":0},"end":{"line":302,"column":44}},"302":{"start":{"line":303,"column":0},"end":{"line":303,"column":15}},"303":{"start":{"line":304,"column":0},"end":{"line":304,"column":56}},"304":{"start":{"line":305,"column":0},"end":{"line":305,"column":41}},"305":{"start":{"line":306,"column":0},"end":{"line":306,"column":15}},"306":{"start":{"line":307,"column":0},"end":{"line":307,"column":21}},"307":{"start":{"line":308,"column":0},"end":{"line":308,"column":27}},"308":{"start":{"line":309,"column":0},"end":{"line":309,"column":44}},"309":{"start":{"line":310,"column":0},"end":{"line":310,"column":25}},"310":{"start":{"line":311,"column":0},"end":{"line":311,"column":43}},"311":{"start":{"line":312,"column":0},"end":{"line":312,"column":24}},"312":{"start":{"line":313,"column":0},"end":{"line":313,"column":16}},"313":{"start":{"line":314,"column":0},"end":{"line":314,"column":34}},"314":{"start":{"line":315,"column":0},"end":{"line":315,"column":14}},"315":{"start":{"line":316,"column":0},"end":{"line":316,"column":37}},"316":{"start":{"line":317,"column":0},"end":{"line":317,"column":14}},"317":{"start":{"line":318,"column":0},"end":{"line":318,"column":60}},"318":{"start":{"line":319,"column":0},"end":{"line":319,"column":21}},"319":{"start":{"line":320,"column":0},"end":{"line":320,"column":33}},"320":{"start":{"line":321,"column":0},"end":{"line":321,"column":31}},"321":{"start":{"line":322,"column":0},"end":{"line":322,"column":32}},"322":{"start":{"line":323,"column":0},"end":{"line":323,"column":36}},"323":{"start":{"line":324,"column":0},"end":{"line":324,"column":16}},"324":{"start":{"line":325,"column":0},"end":{"line":325,"column":37}},"325":{"start":{"line":326,"column":0},"end":{"line":326,"column":37}},"326":{"start":{"line":327,"column":0},"end":{"line":327,"column":15}},"327":{"start":{"line":328,"column":0},"end":{"line":328,"column":15}},"328":{"start":{"line":329,"column":0},"end":{"line":329,"column":14}},"329":{"start":{"line":330,"column":0},"end":{"line":330,"column":39}},"330":{"start":{"line":331,"column":0},"end":{"line":331,"column":87}},"331":{"start":{"line":332,"column":0},"end":{"line":332,"column":78}},"332":{"start":{"line":333,"column":0},"end":{"line":333,"column":14}},"333":{"start":{"line":334,"column":0},"end":{"line":334,"column":13}},"334":{"start":{"line":335,"column":0},"end":{"line":335,"column":39}},"335":{"start":{"line":336,"column":0},"end":{"line":336,"column":61}},"336":{"start":{"line":337,"column":0},"end":{"line":337,"column":14}},"337":{"start":{"line":338,"column":0},"end":{"line":338,"column":22}},"338":{"start":{"line":339,"column":0},"end":{"line":339,"column":12}},"339":{"start":{"line":340,"column":0},"end":{"line":340,"column":11}},"340":{"start":{"line":341,"column":0},"end":{"line":341,"column":57}},"341":{"start":{"line":342,"column":0},"end":{"line":342,"column":56}},"342":{"start":{"line":343,"column":0},"end":{"line":343,"column":23}},"343":{"start":{"line":344,"column":0},"end":{"line":344,"column":29}},"344":{"start":{"line":345,"column":0},"end":{"line":345,"column":39}},"345":{"start":{"line":346,"column":0},"end":{"line":346,"column":40}},"346":{"start":{"line":347,"column":0},"end":{"line":347,"column":39}},"347":{"start":{"line":348,"column":0},"end":{"line":348,"column":34}},"348":{"start":{"line":349,"column":0},"end":{"line":349,"column":34}},"349":{"start":{"line":350,"column":0},"end":{"line":350,"column":37}},"350":{"start":{"line":351,"column":0},"end":{"line":351,"column":34}},"351":{"start":{"line":352,"column":0},"end":{"line":352,"column":26}},"352":{"start":{"line":353,"column":0},"end":{"line":353,"column":40}},"353":{"start":{"line":354,"column":0},"end":{"line":354,"column":50}},"354":{"start":{"line":355,"column":0},"end":{"line":355,"column":64}},"355":{"start":{"line":356,"column":0},"end":{"line":356,"column":44}},"356":{"start":{"line":357,"column":0},"end":{"line":357,"column":15}},"357":{"start":{"line":358,"column":0},"end":{"line":358,"column":11}},"358":{"start":{"line":359,"column":0},"end":{"line":359,"column":26}},"359":{"start":{"line":360,"column":0},"end":{"line":360,"column":26}},"360":{"start":{"line":361,"column":0},"end":{"line":361,"column":61}},"361":{"start":{"line":362,"column":0},"end":{"line":362,"column":62}},"362":{"start":{"line":363,"column":0},"end":{"line":363,"column":74}},"363":{"start":{"line":364,"column":0},"end":{"line":364,"column":65}},"364":{"start":{"line":365,"column":0},"end":{"line":365,"column":53}},"365":{"start":{"line":366,"column":0},"end":{"line":366,"column":79}},"366":{"start":{"line":367,"column":0},"end":{"line":367,"column":66}},"367":{"start":{"line":368,"column":0},"end":{"line":368,"column":16}},"368":{"start":{"line":369,"column":0},"end":{"line":369,"column":22}},"369":{"start":{"line":370,"column":0},"end":{"line":370,"column":75}},"370":{"start":{"line":371,"column":0},"end":{"line":371,"column":62}},"371":{"start":{"line":372,"column":0},"end":{"line":372,"column":15}},"372":{"start":{"line":373,"column":0},"end":{"line":373,"column":15}},"373":{"start":{"line":374,"column":0},"end":{"line":374,"column":38}},"374":{"start":{"line":375,"column":0},"end":{"line":375,"column":62}},"375":{"start":{"line":376,"column":0},"end":{"line":376,"column":63}},"376":{"start":{"line":377,"column":0},"end":{"line":377,"column":51}},"377":{"start":{"line":378,"column":0},"end":{"line":378,"column":57}},"378":{"start":{"line":379,"column":0},"end":{"line":379,"column":57}},"379":{"start":{"line":380,"column":0},"end":{"line":380,"column":15}},"380":{"start":{"line":381,"column":0},"end":{"line":381,"column":43}},"381":{"start":{"line":382,"column":0},"end":{"line":382,"column":50}},"382":{"start":{"line":383,"column":0},"end":{"line":383,"column":15}},"383":{"start":{"line":384,"column":0},"end":{"line":384,"column":53}},"384":{"start":{"line":385,"column":0},"end":{"line":385,"column":50}},"385":{"start":{"line":386,"column":0},"end":{"line":386,"column":15}},"386":{"start":{"line":387,"column":0},"end":{"line":387,"column":56}},"387":{"start":{"line":388,"column":0},"end":{"line":388,"column":63}},"388":{"start":{"line":389,"column":0},"end":{"line":389,"column":64}},"389":{"start":{"line":390,"column":0},"end":{"line":390,"column":15}},"390":{"start":{"line":391,"column":0},"end":{"line":391,"column":38}},"391":{"start":{"line":392,"column":0},"end":{"line":392,"column":43}},"392":{"start":{"line":393,"column":0},"end":{"line":393,"column":38}},"393":{"start":{"line":394,"column":0},"end":{"line":394,"column":27}},"394":{"start":{"line":395,"column":0},"end":{"line":395,"column":48}},"395":{"start":{"line":396,"column":0},"end":{"line":396,"column":78}},"396":{"start":{"line":397,"column":0},"end":{"line":397,"column":47}},"397":{"start":{"line":398,"column":0},"end":{"line":398,"column":27}},"398":{"start":{"line":399,"column":0},"end":{"line":399,"column":44}},"399":{"start":{"line":400,"column":0},"end":{"line":400,"column":19}},"400":{"start":{"line":401,"column":0},"end":{"line":401,"column":19}},"401":{"start":{"line":402,"column":0},"end":{"line":402,"column":35}},"402":{"start":{"line":403,"column":0},"end":{"line":403,"column":22}},"403":{"start":{"line":404,"column":0},"end":{"line":404,"column":28}},"404":{"start":{"line":405,"column":0},"end":{"line":405,"column":78}},"405":{"start":{"line":406,"column":0},"end":{"line":406,"column":47}},"406":{"start":{"line":407,"column":0},"end":{"line":407,"column":27}},"407":{"start":{"line":408,"column":0},"end":{"line":408,"column":44}},"408":{"start":{"line":409,"column":0},"end":{"line":409,"column":19}},"409":{"start":{"line":410,"column":0},"end":{"line":410,"column":19}},"410":{"start":{"line":411,"column":0},"end":{"line":411,"column":22}},"411":{"start":{"line":412,"column":0},"end":{"line":412,"column":30}},"412":{"start":{"line":413,"column":0},"end":{"line":413,"column":28}},"413":{"start":{"line":414,"column":0},"end":{"line":414,"column":30}},"414":{"start":{"line":415,"column":0},"end":{"line":415,"column":28}},"415":{"start":{"line":416,"column":0},"end":{"line":416,"column":81}},"416":{"start":{"line":417,"column":0},"end":{"line":417,"column":25}},"417":{"start":{"line":418,"column":0},"end":{"line":418,"column":18}},"418":{"start":{"line":419,"column":0},"end":{"line":419,"column":22}},"419":{"start":{"line":420,"column":0},"end":{"line":420,"column":23}},"420":{"start":{"line":421,"column":0},"end":{"line":421,"column":50}},"421":{"start":{"line":422,"column":0},"end":{"line":422,"column":22}},"422":{"start":{"line":423,"column":0},"end":{"line":423,"column":15}},"423":{"start":{"line":424,"column":0},"end":{"line":424,"column":15}},"424":{"start":{"line":425,"column":0},"end":{"line":425,"column":11}},"425":{"start":{"line":426,"column":0},"end":{"line":426,"column":30}},"426":{"start":{"line":427,"column":0},"end":{"line":427,"column":29}},"427":{"start":{"line":428,"column":0},"end":{"line":428,"column":29}},"428":{"start":{"line":429,"column":0},"end":{"line":429,"column":35}},"429":{"start":{"line":430,"column":0},"end":{"line":430,"column":43}},"430":{"start":{"line":431,"column":0},"end":{"line":431,"column":47}},"431":{"start":{"line":432,"column":0},"end":{"line":432,"column":15}},"432":{"start":{"line":433,"column":0},"end":{"line":433,"column":45}},"433":{"start":{"line":434,"column":0},"end":{"line":434,"column":47}},"434":{"start":{"line":435,"column":0},"end":{"line":435,"column":15}},"435":{"start":{"line":436,"column":0},"end":{"line":436,"column":48}},"436":{"start":{"line":437,"column":0},"end":{"line":437,"column":60}},"437":{"start":{"line":438,"column":0},"end":{"line":438,"column":68}},"438":{"start":{"line":439,"column":0},"end":{"line":439,"column":15}},"439":{"start":{"line":440,"column":0},"end":{"line":440,"column":11}},"440":{"start":{"line":441,"column":0},"end":{"line":441,"column":49}},"441":{"start":{"line":442,"column":0},"end":{"line":442,"column":46}},"442":{"start":{"line":443,"column":0},"end":{"line":443,"column":14}},"443":{"start":{"line":444,"column":0},"end":{"line":444,"column":43}},"444":{"start":{"line":445,"column":0},"end":{"line":445,"column":23}},"445":{"start":{"line":446,"column":0},"end":{"line":446,"column":12}},"446":{"start":{"line":447,"column":0},"end":{"line":447,"column":11}},"447":{"start":{"line":448,"column":0},"end":{"line":448,"column":42}},"448":{"start":{"line":449,"column":0},"end":{"line":449,"column":38}},"449":{"start":{"line":450,"column":0},"end":{"line":450,"column":29}},"450":{"start":{"line":451,"column":0},"end":{"line":451,"column":11}},"451":{"start":{"line":452,"column":0},"end":{"line":452,"column":69}},"452":{"start":{"line":453,"column":0},"end":{"line":453,"column":76}},"453":{"start":{"line":454,"column":0},"end":{"line":454,"column":11}},"454":{"start":{"line":455,"column":0},"end":{"line":455,"column":40}},"455":{"start":{"line":456,"column":0},"end":{"line":456,"column":12}},"456":{"start":{"line":457,"column":0},"end":{"line":457,"column":11}},"457":{"start":{"line":458,"column":0},"end":{"line":458,"column":31}},"458":{"start":{"line":459,"column":0},"end":{"line":459,"column":43}},"459":{"start":{"line":460,"column":0},"end":{"line":460,"column":50}},"460":{"start":{"line":461,"column":0},"end":{"line":461,"column":43}},"461":{"start":{"line":462,"column":0},"end":{"line":462,"column":50}},"462":{"start":{"line":463,"column":0},"end":{"line":463,"column":44}},"463":{"start":{"line":464,"column":0},"end":{"line":464,"column":54}},"464":{"start":{"line":465,"column":0},"end":{"line":465,"column":26}},"465":{"start":{"line":466,"column":0},"end":{"line":466,"column":16}},"466":{"start":{"line":467,"column":0},"end":{"line":467,"column":15}},"467":{"start":{"line":468,"column":0},"end":{"line":468,"column":16}},"468":{"start":{"line":469,"column":0},"end":{"line":469,"column":13}},"469":{"start":{"line":470,"column":0},"end":{"line":470,"column":12}},"470":{"start":{"line":471,"column":0},"end":{"line":471,"column":11}},"471":{"start":{"line":472,"column":0},"end":{"line":472,"column":51}},"472":{"start":{"line":473,"column":0},"end":{"line":473,"column":36}},"473":{"start":{"line":474,"column":0},"end":{"line":474,"column":26}},"474":{"start":{"line":475,"column":0},"end":{"line":475,"column":35}},"475":{"start":{"line":476,"column":0},"end":{"line":476,"column":30}},"476":{"start":{"line":477,"column":0},"end":{"line":477,"column":28}},"477":{"start":{"line":478,"column":0},"end":{"line":478,"column":33}},"478":{"start":{"line":479,"column":0},"end":{"line":479,"column":45}},"479":{"start":{"line":480,"column":0},"end":{"line":480,"column":29}},"480":{"start":{"line":481,"column":0},"end":{"line":481,"column":21}},"481":{"start":{"line":482,"column":0},"end":{"line":482,"column":29}},"482":{"start":{"line":483,"column":0},"end":{"line":483,"column":13}},"483":{"start":{"line":484,"column":0},"end":{"line":484,"column":12}},"484":{"start":{"line":485,"column":0},"end":{"line":485,"column":11}},"485":{"start":{"line":486,"column":0},"end":{"line":486,"column":49}},"486":{"start":{"line":487,"column":0},"end":{"line":487,"column":52}},"487":{"start":{"line":488,"column":0},"end":{"line":488,"column":51}},"488":{"start":{"line":489,"column":0},"end":{"line":489,"column":55}},"489":{"start":{"line":490,"column":0},"end":{"line":490,"column":28}},"490":{"start":{"line":491,"column":0},"end":{"line":491,"column":16}},"491":{"start":{"line":492,"column":0},"end":{"line":492,"column":15}},"492":{"start":{"line":493,"column":0},"end":{"line":493,"column":12}},"493":{"start":{"line":494,"column":0},"end":{"line":494,"column":11}},"494":{"start":{"line":495,"column":0},"end":{"line":495,"column":45}},"495":{"start":{"line":496,"column":0},"end":{"line":496,"column":43}},"496":{"start":{"line":497,"column":0},"end":{"line":497,"column":71}},"497":{"start":{"line":498,"column":0},"end":{"line":498,"column":13}},"498":{"start":{"line":499,"column":0},"end":{"line":499,"column":37}},"499":{"start":{"line":500,"column":0},"end":{"line":500,"column":44}},"500":{"start":{"line":501,"column":0},"end":{"line":501,"column":38}},"501":{"start":{"line":502,"column":0},"end":{"line":502,"column":28}},"502":{"start":{"line":503,"column":0},"end":{"line":503,"column":83}},"503":{"start":{"line":504,"column":0},"end":{"line":504,"column":29}},"504":{"start":{"line":505,"column":0},"end":{"line":505,"column":29}},"505":{"start":{"line":506,"column":0},"end":{"line":506,"column":17}},"506":{"start":{"line":507,"column":0},"end":{"line":507,"column":17}},"507":{"start":{"line":508,"column":0},"end":{"line":508,"column":15}},"508":{"start":{"line":509,"column":0},"end":{"line":509,"column":11}},"509":{"start":{"line":510,"column":0},"end":{"line":510,"column":60}},"510":{"start":{"line":511,"column":0},"end":{"line":511,"column":39}},"511":{"start":{"line":512,"column":0},"end":{"line":512,"column":47}},"512":{"start":{"line":513,"column":0},"end":{"line":513,"column":11}},"513":{"start":{"line":514,"column":0},"end":{"line":514,"column":34}},"514":{"start":{"line":515,"column":0},"end":{"line":515,"column":71}},"515":{"start":{"line":516,"column":0},"end":{"line":516,"column":26}},"516":{"start":{"line":517,"column":0},"end":{"line":517,"column":20}},"517":{"start":{"line":518,"column":0},"end":{"line":518,"column":19}},"518":{"start":{"line":519,"column":0},"end":{"line":519,"column":47}},"519":{"start":{"line":520,"column":0},"end":{"line":520,"column":27}},"520":{"start":{"line":521,"column":0},"end":{"line":521,"column":27}},"521":{"start":{"line":522,"column":0},"end":{"line":522,"column":27}},"522":{"start":{"line":523,"column":0},"end":{"line":523,"column":27}},"523":{"start":{"line":524,"column":0},"end":{"line":524,"column":45}},"524":{"start":{"line":525,"column":0},"end":{"line":525,"column":32}},"525":{"start":{"line":526,"column":0},"end":{"line":526,"column":19}},"526":{"start":{"line":527,"column":0},"end":{"line":527,"column":33}},"527":{"start":{"line":528,"column":0},"end":{"line":528,"column":18}},"528":{"start":{"line":529,"column":0},"end":{"line":529,"column":19}},"529":{"start":{"line":530,"column":0},"end":{"line":530,"column":35}},"530":{"start":{"line":531,"column":0},"end":{"line":531,"column":60}},"531":{"start":{"line":532,"column":0},"end":{"line":532,"column":37}},"532":{"start":{"line":533,"column":0},"end":{"line":533,"column":54}},"533":{"start":{"line":534,"column":0},"end":{"line":534,"column":25}},"534":{"start":{"line":535,"column":0},"end":{"line":535,"column":62}},"535":{"start":{"line":536,"column":0},"end":{"line":536,"column":41}},"536":{"start":{"line":537,"column":0},"end":{"line":537,"column":21}},"537":{"start":{"line":538,"column":0},"end":{"line":538,"column":18}},"538":{"start":{"line":539,"column":0},"end":{"line":539,"column":19}},"539":{"start":{"line":540,"column":0},"end":{"line":540,"column":18}},"540":{"start":{"line":541,"column":0},"end":{"line":541,"column":17}},"541":{"start":{"line":542,"column":0},"end":{"line":542,"column":16}},"542":{"start":{"line":543,"column":0},"end":{"line":543,"column":12}},"543":{"start":{"line":544,"column":0},"end":{"line":544,"column":11}},"544":{"start":{"line":545,"column":0},"end":{"line":545,"column":39}},"545":{"start":{"line":546,"column":0},"end":{"line":546,"column":44}},"546":{"start":{"line":547,"column":0},"end":{"line":547,"column":56}},"547":{"start":{"line":548,"column":0},"end":{"line":548,"column":30}},"548":{"start":{"line":549,"column":0},"end":{"line":549,"column":67}},"549":{"start":{"line":550,"column":0},"end":{"line":550,"column":31}},"550":{"start":{"line":551,"column":0},"end":{"line":551,"column":19}},"551":{"start":{"line":552,"column":0},"end":{"line":552,"column":16}},"552":{"start":{"line":553,"column":0},"end":{"line":553,"column":16}},"553":{"start":{"line":554,"column":0},"end":{"line":554,"column":13}},"554":{"start":{"line":555,"column":0},"end":{"line":555,"column":42}},"555":{"start":{"line":556,"column":0},"end":{"line":556,"column":12}},"556":{"start":{"line":557,"column":0},"end":{"line":557,"column":11}},"557":{"start":{"line":558,"column":0},"end":{"line":558,"column":44}},"558":{"start":{"line":559,"column":0},"end":{"line":559,"column":36}},"559":{"start":{"line":560,"column":0},"end":{"line":560,"column":11}},"560":{"start":{"line":561,"column":0},"end":{"line":561,"column":38}},"561":{"start":{"line":562,"column":0},"end":{"line":562,"column":11}},"562":{"start":{"line":563,"column":0},"end":{"line":563,"column":77}},"563":{"start":{"line":564,"column":0},"end":{"line":564,"column":37}},"564":{"start":{"line":565,"column":0},"end":{"line":565,"column":15}},"565":{"start":{"line":566,"column":0},"end":{"line":566,"column":51}},"566":{"start":{"line":567,"column":0},"end":{"line":567,"column":11}},"567":{"start":{"line":568,"column":0},"end":{"line":568,"column":32}},"568":{"start":{"line":569,"column":0},"end":{"line":569,"column":32}},"569":{"start":{"line":570,"column":0},"end":{"line":570,"column":29}},"570":{"start":{"line":571,"column":0},"end":{"line":571,"column":15}},"571":{"start":{"line":572,"column":0},"end":{"line":572,"column":30}},"572":{"start":{"line":573,"column":0},"end":{"line":573,"column":11}},"573":{"start":{"line":574,"column":0},"end":{"line":574,"column":36}},"574":{"start":{"line":575,"column":0},"end":{"line":575,"column":57}},"575":{"start":{"line":576,"column":0},"end":{"line":576,"column":30}},"576":{"start":{"line":577,"column":0},"end":{"line":577,"column":16}},"577":{"start":{"line":578,"column":0},"end":{"line":578,"column":13}},"578":{"start":{"line":579,"column":0},"end":{"line":579,"column":11}},"579":{"start":{"line":580,"column":0},"end":{"line":580,"column":37}},"580":{"start":{"line":581,"column":0},"end":{"line":581,"column":54}},"581":{"start":{"line":582,"column":0},"end":{"line":582,"column":11}},"582":{"start":{"line":583,"column":0},"end":{"line":583,"column":47}},"583":{"start":{"line":584,"column":0},"end":{"line":584,"column":50}},"584":{"start":{"line":585,"column":0},"end":{"line":585,"column":15}},"585":{"start":{"line":586,"column":0},"end":{"line":586,"column":11}},"586":{"start":{"line":587,"column":0},"end":{"line":587,"column":35}},"587":{"start":{"line":588,"column":0},"end":{"line":588,"column":50}},"588":{"start":{"line":589,"column":0},"end":{"line":589,"column":11}},"589":{"start":{"line":590,"column":0},"end":{"line":590,"column":22}},"590":{"start":{"line":591,"column":0},"end":{"line":591,"column":46}},"591":{"start":{"line":592,"column":0},"end":{"line":592,"column":37}},"592":{"start":{"line":593,"column":0},"end":{"line":593,"column":14}},"593":{"start":{"line":594,"column":0},"end":{"line":594,"column":11}},"594":{"start":{"line":595,"column":0},"end":{"line":595,"column":37}},"595":{"start":{"line":596,"column":0},"end":{"line":596,"column":47}},"596":{"start":{"line":597,"column":0},"end":{"line":597,"column":32}},"597":{"start":{"line":598,"column":0},"end":{"line":598,"column":54}},"598":{"start":{"line":599,"column":0},"end":{"line":599,"column":28}},"599":{"start":{"line":600,"column":0},"end":{"line":600,"column":57}},"600":{"start":{"line":601,"column":0},"end":{"line":601,"column":49}},"601":{"start":{"line":602,"column":0},"end":{"line":602,"column":16}},"602":{"start":{"line":603,"column":0},"end":{"line":603,"column":15}},"603":{"start":{"line":604,"column":0},"end":{"line":604,"column":14}},"604":{"start":{"line":605,"column":0},"end":{"line":605,"column":15}},"605":{"start":{"line":606,"column":0},"end":{"line":606,"column":11}},"606":{"start":{"line":607,"column":0},"end":{"line":607,"column":81}},"607":{"start":{"line":608,"column":0},"end":{"line":608,"column":78}},"608":{"start":{"line":609,"column":0},"end":{"line":609,"column":25}},"609":{"start":{"line":610,"column":0},"end":{"line":610,"column":57}},"610":{"start":{"line":611,"column":0},"end":{"line":611,"column":27}},"611":{"start":{"line":612,"column":0},"end":{"line":612,"column":17}},"612":{"start":{"line":613,"column":0},"end":{"line":613,"column":14}},"613":{"start":{"line":614,"column":0},"end":{"line":614,"column":11}},"614":{"start":{"line":615,"column":0},"end":{"line":615,"column":44}},"615":{"start":{"line":616,"column":0},"end":{"line":616,"column":66}},"616":{"start":{"line":617,"column":0},"end":{"line":617,"column":60}},"617":{"start":{"line":618,"column":0},"end":{"line":618,"column":68}},"618":{"start":{"line":619,"column":0},"end":{"line":619,"column":18}},"619":{"start":{"line":620,"column":0},"end":{"line":620,"column":27}},"620":{"start":{"line":621,"column":0},"end":{"line":621,"column":17}},"621":{"start":{"line":622,"column":0},"end":{"line":622,"column":14}},"622":{"start":{"line":623,"column":0},"end":{"line":623,"column":11}},"623":{"start":{"line":624,"column":0},"end":{"line":624,"column":56}},"624":{"start":{"line":625,"column":0},"end":{"line":625,"column":37}},"625":{"start":{"line":626,"column":0},"end":{"line":626,"column":16}},"626":{"start":{"line":627,"column":0},"end":{"line":627,"column":15}},"627":{"start":{"line":628,"column":0},"end":{"line":628,"column":12}},"628":{"start":{"line":629,"column":0},"end":{"line":629,"column":11}},"629":{"start":{"line":630,"column":0},"end":{"line":630,"column":47}},"630":{"start":{"line":631,"column":0},"end":{"line":631,"column":43}},"631":{"start":{"line":632,"column":0},"end":{"line":632,"column":78}},"632":{"start":{"line":633,"column":0},"end":{"line":633,"column":75}},"633":{"start":{"line":634,"column":0},"end":{"line":634,"column":68}},"634":{"start":{"line":635,"column":0},"end":{"line":635,"column":45}},"635":{"start":{"line":636,"column":0},"end":{"line":636,"column":25}},"636":{"start":{"line":637,"column":0},"end":{"line":637,"column":42}},"637":{"start":{"line":638,"column":0},"end":{"line":638,"column":17}},"638":{"start":{"line":639,"column":0},"end":{"line":639,"column":17}},"639":{"start":{"line":640,"column":0},"end":{"line":640,"column":16}},"640":{"start":{"line":641,"column":0},"end":{"line":641,"column":50}},"641":{"start":{"line":642,"column":0},"end":{"line":642,"column":25}},"642":{"start":{"line":643,"column":0},"end":{"line":643,"column":13}},"643":{"start":{"line":644,"column":0},"end":{"line":644,"column":12}},"644":{"start":{"line":645,"column":0},"end":{"line":645,"column":14}},"645":{"start":{"line":646,"column":0},"end":{"line":646,"column":10}},"646":{"start":{"line":647,"column":0},"end":{"line":647,"column":42}},"647":{"start":{"line":648,"column":0},"end":{"line":648,"column":23}},"648":{"start":{"line":649,"column":0},"end":{"line":649,"column":45}},"649":{"start":{"line":650,"column":0},"end":{"line":650,"column":14}},"650":{"start":{"line":651,"column":0},"end":{"line":651,"column":10}},"651":{"start":{"line":652,"column":0},"end":{"line":652,"column":45}},"652":{"start":{"line":653,"column":0},"end":{"line":653,"column":23}},"653":{"start":{"line":654,"column":0},"end":{"line":654,"column":39}},"654":{"start":{"line":655,"column":0},"end":{"line":655,"column":57}},"655":{"start":{"line":656,"column":0},"end":{"line":656,"column":50}},"656":{"start":{"line":657,"column":0},"end":{"line":657,"column":85}},"657":{"start":{"line":658,"column":0},"end":{"line":658,"column":102}},"658":{"start":{"line":659,"column":0},"end":{"line":659,"column":112}},"659":{"start":{"line":660,"column":0},"end":{"line":660,"column":18}},"660":{"start":{"line":661,"column":0},"end":{"line":661,"column":86}},"661":{"start":{"line":662,"column":0},"end":{"line":662,"column":24}},"662":{"start":{"line":663,"column":0},"end":{"line":663,"column":24}},"663":{"start":{"line":664,"column":0},"end":{"line":664,"column":14}},"664":{"start":{"line":665,"column":0},"end":{"line":665,"column":13}},"665":{"start":{"line":666,"column":0},"end":{"line":666,"column":13}},"666":{"start":{"line":667,"column":0},"end":{"line":667,"column":12}},"667":{"start":{"line":668,"column":0},"end":{"line":668,"column":14}},"668":{"start":{"line":669,"column":0},"end":{"line":669,"column":10}},"669":{"start":{"line":670,"column":0},"end":{"line":670,"column":38}},"670":{"start":{"line":671,"column":0},"end":{"line":671,"column":10}},"671":{"start":{"line":672,"column":0},"end":{"line":672,"column":10}},"672":{"start":{"line":673,"column":0},"end":{"line":673,"column":69}},"673":{"start":{"line":674,"column":0},"end":{"line":674,"column":44}},"674":{"start":{"line":675,"column":0},"end":{"line":675,"column":46}},"675":{"start":{"line":676,"column":0},"end":{"line":676,"column":44}},"676":{"start":{"line":677,"column":0},"end":{"line":677,"column":36}},"677":{"start":{"line":678,"column":0},"end":{"line":678,"column":25}},"678":{"start":{"line":679,"column":0},"end":{"line":679,"column":14}},"679":{"start":{"line":680,"column":0},"end":{"line":680,"column":13}},"680":{"start":{"line":681,"column":0},"end":{"line":681,"column":11}},"681":{"start":{"line":682,"column":0},"end":{"line":682,"column":10}},"682":{"start":{"line":683,"column":0},"end":{"line":683,"column":51}},"683":{"start":{"line":684,"column":0},"end":{"line":684,"column":23}},"684":{"start":{"line":685,"column":0},"end":{"line":685,"column":24}},"685":{"start":{"line":686,"column":0},"end":{"line":686,"column":11}},"686":{"start":{"line":687,"column":0},"end":{"line":687,"column":55}},"687":{"start":{"line":688,"column":0},"end":{"line":688,"column":77}},"688":{"start":{"line":689,"column":0},"end":{"line":689,"column":74}},"689":{"start":{"line":690,"column":0},"end":{"line":690,"column":101}},"690":{"start":{"line":691,"column":0},"end":{"line":691,"column":24}},"691":{"start":{"line":692,"column":0},"end":{"line":692,"column":13}},"692":{"start":{"line":693,"column":0},"end":{"line":693,"column":11}},"693":{"start":{"line":694,"column":0},"end":{"line":694,"column":40}},"694":{"start":{"line":695,"column":0},"end":{"line":695,"column":11}},"695":{"start":{"line":696,"column":0},"end":{"line":696,"column":28}},"696":{"start":{"line":697,"column":0},"end":{"line":697,"column":11}},"697":{"start":{"line":698,"column":0},"end":{"line":698,"column":26}},"698":{"start":{"line":699,"column":0},"end":{"line":699,"column":11}},"699":{"start":{"line":700,"column":0},"end":{"line":700,"column":41}},"700":{"start":{"line":701,"column":0},"end":{"line":701,"column":42}},"701":{"start":{"line":702,"column":0},"end":{"line":702,"column":66}},"702":{"start":{"line":703,"column":0},"end":{"line":703,"column":59}},"703":{"start":{"line":704,"column":0},"end":{"line":704,"column":58}},"704":{"start":{"line":705,"column":0},"end":{"line":705,"column":54}},"705":{"start":{"line":706,"column":0},"end":{"line":706,"column":42}},"706":{"start":{"line":707,"column":0},"end":{"line":707,"column":79}},"707":{"start":{"line":708,"column":0},"end":{"line":708,"column":80}},"708":{"start":{"line":709,"column":0},"end":{"line":709,"column":37}},"709":{"start":{"line":710,"column":0},"end":{"line":710,"column":49}},"710":{"start":{"line":711,"column":0},"end":{"line":711,"column":50}},"711":{"start":{"line":712,"column":0},"end":{"line":712,"column":57}},"712":{"start":{"line":713,"column":0},"end":{"line":713,"column":89}},"713":{"start":{"line":714,"column":0},"end":{"line":714,"column":71}},"714":{"start":{"line":715,"column":0},"end":{"line":715,"column":120}},"715":{"start":{"line":716,"column":0},"end":{"line":716,"column":45}},"716":{"start":{"line":717,"column":0},"end":{"line":717,"column":38}},"717":{"start":{"line":718,"column":0},"end":{"line":718,"column":39}},"718":{"start":{"line":719,"column":0},"end":{"line":719,"column":29}},"719":{"start":{"line":720,"column":0},"end":{"line":720,"column":15}},"720":{"start":{"line":721,"column":0},"end":{"line":721,"column":15}},"721":{"start":{"line":722,"column":0},"end":{"line":722,"column":54}},"722":{"start":{"line":723,"column":0},"end":{"line":723,"column":15}},"723":{"start":{"line":724,"column":0},"end":{"line":724,"column":12}},"724":{"start":{"line":725,"column":0},"end":{"line":725,"column":11}},"725":{"start":{"line":726,"column":0},"end":{"line":726,"column":83}},"726":{"start":{"line":727,"column":0},"end":{"line":727,"column":46}},"727":{"start":{"line":728,"column":0},"end":{"line":728,"column":63}},"728":{"start":{"line":729,"column":0},"end":{"line":729,"column":62}},"729":{"start":{"line":730,"column":0},"end":{"line":730,"column":85}},"730":{"start":{"line":731,"column":0},"end":{"line":731,"column":14}},"731":{"start":{"line":732,"column":0},"end":{"line":732,"column":13}},"732":{"start":{"line":733,"column":0},"end":{"line":733,"column":59}},"733":{"start":{"line":734,"column":0},"end":{"line":734,"column":48}},"734":{"start":{"line":735,"column":0},"end":{"line":735,"column":46}},"735":{"start":{"line":736,"column":0},"end":{"line":736,"column":56}},"736":{"start":{"line":737,"column":0},"end":{"line":737,"column":13}},"737":{"start":{"line":738,"column":0},"end":{"line":738,"column":13}},"738":{"start":{"line":739,"column":0},"end":{"line":739,"column":11}},"739":{"start":{"line":740,"column":0},"end":{"line":740,"column":35}},"740":{"start":{"line":741,"column":0},"end":{"line":741,"column":29}},"741":{"start":{"line":742,"column":0},"end":{"line":742,"column":42}},"742":{"start":{"line":743,"column":0},"end":{"line":743,"column":36}},"743":{"start":{"line":744,"column":0},"end":{"line":744,"column":43}},"744":{"start":{"line":745,"column":0},"end":{"line":745,"column":77}},"745":{"start":{"line":746,"column":0},"end":{"line":746,"column":44}},"746":{"start":{"line":747,"column":0},"end":{"line":747,"column":63}},"747":{"start":{"line":748,"column":0},"end":{"line":748,"column":52}},"748":{"start":{"line":749,"column":0},"end":{"line":749,"column":43}},"749":{"start":{"line":750,"column":0},"end":{"line":750,"column":11}},"750":{"start":{"line":751,"column":0},"end":{"line":751,"column":60}},"751":{"start":{"line":752,"column":0},"end":{"line":752,"column":22}},"752":{"start":{"line":753,"column":0},"end":{"line":753,"column":27}},"753":{"start":{"line":754,"column":0},"end":{"line":754,"column":21}},"754":{"start":{"line":755,"column":0},"end":{"line":755,"column":16}},"755":{"start":{"line":756,"column":0},"end":{"line":756,"column":16}},"756":{"start":{"line":757,"column":0},"end":{"line":757,"column":39}},"757":{"start":{"line":758,"column":0},"end":{"line":758,"column":42}},"758":{"start":{"line":759,"column":0},"end":{"line":759,"column":42}},"759":{"start":{"line":760,"column":0},"end":{"line":760,"column":42}},"760":{"start":{"line":761,"column":0},"end":{"line":761,"column":59}},"761":{"start":{"line":762,"column":0},"end":{"line":762,"column":18}},"762":{"start":{"line":763,"column":0},"end":{"line":763,"column":25}},"763":{"start":{"line":764,"column":0},"end":{"line":764,"column":73}},"764":{"start":{"line":765,"column":0},"end":{"line":765,"column":15}},"765":{"start":{"line":766,"column":0},"end":{"line":766,"column":24}},"766":{"start":{"line":767,"column":0},"end":{"line":767,"column":45}},"767":{"start":{"line":768,"column":0},"end":{"line":768,"column":23}},"768":{"start":{"line":769,"column":0},"end":{"line":769,"column":38}},"769":{"start":{"line":770,"column":0},"end":{"line":770,"column":29}},"770":{"start":{"line":771,"column":0},"end":{"line":771,"column":34}},"771":{"start":{"line":772,"column":0},"end":{"line":772,"column":17}},"772":{"start":{"line":773,"column":0},"end":{"line":773,"column":15}},"773":{"start":{"line":774,"column":0},"end":{"line":774,"column":37}},"774":{"start":{"line":775,"column":0},"end":{"line":775,"column":23}},"775":{"start":{"line":776,"column":0},"end":{"line":776,"column":35}},"776":{"start":{"line":777,"column":0},"end":{"line":777,"column":29}},"777":{"start":{"line":778,"column":0},"end":{"line":778,"column":34}},"778":{"start":{"line":779,"column":0},"end":{"line":779,"column":17}},"779":{"start":{"line":780,"column":0},"end":{"line":780,"column":15}},"780":{"start":{"line":781,"column":0},"end":{"line":781,"column":63}},"781":{"start":{"line":782,"column":0},"end":{"line":782,"column":48}},"782":{"start":{"line":783,"column":0},"end":{"line":783,"column":60}},"783":{"start":{"line":784,"column":0},"end":{"line":784,"column":37}},"784":{"start":{"line":785,"column":0},"end":{"line":785,"column":64}},"785":{"start":{"line":786,"column":0},"end":{"line":786,"column":24}},"786":{"start":{"line":787,"column":0},"end":{"line":787,"column":34}},"787":{"start":{"line":788,"column":0},"end":{"line":788,"column":49}},"788":{"start":{"line":789,"column":0},"end":{"line":789,"column":36}},"789":{"start":{"line":790,"column":0},"end":{"line":790,"column":35}},"790":{"start":{"line":791,"column":0},"end":{"line":791,"column":18}},"791":{"start":{"line":792,"column":0},"end":{"line":792,"column":16}},"792":{"start":{"line":793,"column":0},"end":{"line":793,"column":70}},"793":{"start":{"line":794,"column":0},"end":{"line":794,"column":64}},"794":{"start":{"line":795,"column":0},"end":{"line":795,"column":52}},"795":{"start":{"line":796,"column":0},"end":{"line":796,"column":53}},"796":{"start":{"line":797,"column":0},"end":{"line":797,"column":72}},"797":{"start":{"line":798,"column":0},"end":{"line":798,"column":25}},"798":{"start":{"line":799,"column":0},"end":{"line":799,"column":16}},"799":{"start":{"line":800,"column":0},"end":{"line":800,"column":53}},"800":{"start":{"line":801,"column":0},"end":{"line":801,"column":46}},"801":{"start":{"line":802,"column":0},"end":{"line":802,"column":27}},"802":{"start":{"line":803,"column":0},"end":{"line":803,"column":48}},"803":{"start":{"line":804,"column":0},"end":{"line":804,"column":28}},"804":{"start":{"line":805,"column":0},"end":{"line":805,"column":18}},"805":{"start":{"line":806,"column":0},"end":{"line":806,"column":15}},"806":{"start":{"line":807,"column":0},"end":{"line":807,"column":14}},"807":{"start":{"line":808,"column":0},"end":{"line":808,"column":11}},"808":{"start":{"line":809,"column":0},"end":{"line":809,"column":21}},"809":{"start":{"line":810,"column":0},"end":{"line":810,"column":31}},"810":{"start":{"line":811,"column":0},"end":{"line":811,"column":39}},"811":{"start":{"line":812,"column":0},"end":{"line":812,"column":47}},"812":{"start":{"line":813,"column":0},"end":{"line":813,"column":56}},"813":{"start":{"line":814,"column":0},"end":{"line":814,"column":15}},"814":{"start":{"line":815,"column":0},"end":{"line":815,"column":13}},"815":{"start":{"line":816,"column":0},"end":{"line":816,"column":11}},"816":{"start":{"line":817,"column":0},"end":{"line":817,"column":40}},"817":{"start":{"line":818,"column":0},"end":{"line":818,"column":49}},"818":{"start":{"line":819,"column":0},"end":{"line":819,"column":30}},"819":{"start":{"line":820,"column":0},"end":{"line":820,"column":55}},"820":{"start":{"line":821,"column":0},"end":{"line":821,"column":14}},"821":{"start":{"line":822,"column":0},"end":{"line":822,"column":13}},"822":{"start":{"line":823,"column":0},"end":{"line":823,"column":11}},"823":{"start":{"line":824,"column":0},"end":{"line":824,"column":56}},"824":{"start":{"line":825,"column":0},"end":{"line":825,"column":95}},"825":{"start":{"line":826,"column":0},"end":{"line":826,"column":42}},"826":{"start":{"line":827,"column":0},"end":{"line":827,"column":37}},"827":{"start":{"line":828,"column":0},"end":{"line":828,"column":35}},"828":{"start":{"line":829,"column":0},"end":{"line":829,"column":11}},"829":{"start":{"line":830,"column":0},"end":{"line":830,"column":80}},"830":{"start":{"line":831,"column":0},"end":{"line":831,"column":26}},"831":{"start":{"line":832,"column":0},"end":{"line":832,"column":78}},"832":{"start":{"line":833,"column":0},"end":{"line":833,"column":15}},"833":{"start":{"line":834,"column":0},"end":{"line":834,"column":14}},"834":{"start":{"line":835,"column":0},"end":{"line":835,"column":11}},"835":{"start":{"line":836,"column":0},"end":{"line":836,"column":49}},"836":{"start":{"line":837,"column":0},"end":{"line":837,"column":66}},"837":{"start":{"line":838,"column":0},"end":{"line":838,"column":61}},"838":{"start":{"line":839,"column":0},"end":{"line":839,"column":33}},"839":{"start":{"line":840,"column":0},"end":{"line":840,"column":25}},"840":{"start":{"line":841,"column":0},"end":{"line":841,"column":37}},"841":{"start":{"line":842,"column":0},"end":{"line":842,"column":59}},"842":{"start":{"line":843,"column":0},"end":{"line":843,"column":22}},"843":{"start":{"line":844,"column":0},"end":{"line":844,"column":25}},"844":{"start":{"line":845,"column":0},"end":{"line":845,"column":33}},"845":{"start":{"line":846,"column":0},"end":{"line":846,"column":34}},"846":{"start":{"line":847,"column":0},"end":{"line":847,"column":17}},"847":{"start":{"line":848,"column":0},"end":{"line":848,"column":15}},"848":{"start":{"line":849,"column":0},"end":{"line":849,"column":40}},"849":{"start":{"line":850,"column":0},"end":{"line":850,"column":37}},"850":{"start":{"line":851,"column":0},"end":{"line":851,"column":34}},"851":{"start":{"line":852,"column":0},"end":{"line":852,"column":36}},"852":{"start":{"line":853,"column":0},"end":{"line":853,"column":33}},"853":{"start":{"line":854,"column":0},"end":{"line":854,"column":33}},"854":{"start":{"line":855,"column":0},"end":{"line":855,"column":80}},"855":{"start":{"line":856,"column":0},"end":{"line":856,"column":15}},"856":{"start":{"line":857,"column":0},"end":{"line":857,"column":36}},"857":{"start":{"line":858,"column":0},"end":{"line":858,"column":36}},"858":{"start":{"line":859,"column":0},"end":{"line":859,"column":67}},"859":{"start":{"line":860,"column":0},"end":{"line":860,"column":44}},"860":{"start":{"line":861,"column":0},"end":{"line":861,"column":40}},"861":{"start":{"line":862,"column":0},"end":{"line":862,"column":55}},"862":{"start":{"line":863,"column":0},"end":{"line":863,"column":36}},"863":{"start":{"line":864,"column":0},"end":{"line":864,"column":28}},"864":{"start":{"line":865,"column":0},"end":{"line":865,"column":19}},"865":{"start":{"line":866,"column":0},"end":{"line":866,"column":22}},"866":{"start":{"line":867,"column":0},"end":{"line":867,"column":31}},"867":{"start":{"line":868,"column":0},"end":{"line":868,"column":67}},"868":{"start":{"line":869,"column":0},"end":{"line":869,"column":44}},"869":{"start":{"line":870,"column":0},"end":{"line":870,"column":40}},"870":{"start":{"line":871,"column":0},"end":{"line":871,"column":62}},"871":{"start":{"line":872,"column":0},"end":{"line":872,"column":36}},"872":{"start":{"line":873,"column":0},"end":{"line":873,"column":27}},"873":{"start":{"line":874,"column":0},"end":{"line":874,"column":36}},"874":{"start":{"line":875,"column":0},"end":{"line":875,"column":28}},"875":{"start":{"line":876,"column":0},"end":{"line":876,"column":19}},"876":{"start":{"line":877,"column":0},"end":{"line":877,"column":22}},"877":{"start":{"line":878,"column":0},"end":{"line":878,"column":33}},"878":{"start":{"line":879,"column":0},"end":{"line":879,"column":71}},"879":{"start":{"line":880,"column":0},"end":{"line":880,"column":46}},"880":{"start":{"line":881,"column":0},"end":{"line":881,"column":40}},"881":{"start":{"line":882,"column":0},"end":{"line":882,"column":80}},"882":{"start":{"line":883,"column":0},"end":{"line":883,"column":19}},"883":{"start":{"line":884,"column":0},"end":{"line":884,"column":22}},"884":{"start":{"line":885,"column":0},"end":{"line":885,"column":31}},"885":{"start":{"line":886,"column":0},"end":{"line":886,"column":67}},"886":{"start":{"line":887,"column":0},"end":{"line":887,"column":31}},"887":{"start":{"line":888,"column":0},"end":{"line":888,"column":22}},"888":{"start":{"line":889,"column":0},"end":{"line":889,"column":31}},"889":{"start":{"line":890,"column":0},"end":{"line":890,"column":67}},"890":{"start":{"line":891,"column":0},"end":{"line":891,"column":33}},"891":{"start":{"line":892,"column":0},"end":{"line":892,"column":22}},"892":{"start":{"line":893,"column":0},"end":{"line":893,"column":23}},"893":{"start":{"line":894,"column":0},"end":{"line":894,"column":67}},"894":{"start":{"line":895,"column":0},"end":{"line":895,"column":15}},"895":{"start":{"line":896,"column":0},"end":{"line":896,"column":31}},"896":{"start":{"line":897,"column":0},"end":{"line":897,"column":23}},"897":{"start":{"line":898,"column":0},"end":{"line":898,"column":33}},"898":{"start":{"line":899,"column":0},"end":{"line":899,"column":17}},"899":{"start":{"line":900,"column":0},"end":{"line":900,"column":15}},"900":{"start":{"line":901,"column":0},"end":{"line":901,"column":28}},"901":{"start":{"line":902,"column":0},"end":{"line":902,"column":58}},"902":{"start":{"line":903,"column":0},"end":{"line":903,"column":68}},"903":{"start":{"line":904,"column":0},"end":{"line":904,"column":62}},"904":{"start":{"line":905,"column":0},"end":{"line":905,"column":83}},"905":{"start":{"line":906,"column":0},"end":{"line":906,"column":53}},"906":{"start":{"line":907,"column":0},"end":{"line":907,"column":54}},"907":{"start":{"line":908,"column":0},"end":{"line":908,"column":29}},"908":{"start":{"line":909,"column":0},"end":{"line":909,"column":49}},"909":{"start":{"line":910,"column":0},"end":{"line":910,"column":55}},"910":{"start":{"line":911,"column":0},"end":{"line":911,"column":19}},"911":{"start":{"line":912,"column":0},"end":{"line":912,"column":17}},"912":{"start":{"line":913,"column":0},"end":{"line":913,"column":16}},"913":{"start":{"line":914,"column":0},"end":{"line":914,"column":15}},"914":{"start":{"line":915,"column":0},"end":{"line":915,"column":30}},"915":{"start":{"line":916,"column":0},"end":{"line":916,"column":63}},"916":{"start":{"line":917,"column":0},"end":{"line":917,"column":63}},"917":{"start":{"line":918,"column":0},"end":{"line":918,"column":15}},"918":{"start":{"line":919,"column":0},"end":{"line":919,"column":14}},"919":{"start":{"line":920,"column":0},"end":{"line":920,"column":13}},"920":{"start":{"line":921,"column":0},"end":{"line":921,"column":38}},"921":{"start":{"line":922,"column":0},"end":{"line":922,"column":11}},"922":{"start":{"line":923,"column":0},"end":{"line":923,"column":94}},"923":{"start":{"line":924,"column":0},"end":{"line":924,"column":49}},"924":{"start":{"line":925,"column":0},"end":{"line":925,"column":62}},"925":{"start":{"line":926,"column":0},"end":{"line":926,"column":55}},"926":{"start":{"line":927,"column":0},"end":{"line":927,"column":66}},"927":{"start":{"line":928,"column":0},"end":{"line":928,"column":17}},"928":{"start":{"line":929,"column":0},"end":{"line":929,"column":23}},"929":{"start":{"line":930,"column":0},"end":{"line":930,"column":63}},"930":{"start":{"line":931,"column":0},"end":{"line":931,"column":69}},"931":{"start":{"line":932,"column":0},"end":{"line":932,"column":74}},"932":{"start":{"line":933,"column":0},"end":{"line":933,"column":70}},"933":{"start":{"line":934,"column":0},"end":{"line":934,"column":42}},"934":{"start":{"line":935,"column":0},"end":{"line":935,"column":16}},"935":{"start":{"line":936,"column":0},"end":{"line":936,"column":48}},"936":{"start":{"line":937,"column":0},"end":{"line":937,"column":40}},"937":{"start":{"line":938,"column":0},"end":{"line":938,"column":48}},"938":{"start":{"line":939,"column":0},"end":{"line":939,"column":53}},"939":{"start":{"line":940,"column":0},"end":{"line":940,"column":17}},"940":{"start":{"line":941,"column":0},"end":{"line":941,"column":14}},"941":{"start":{"line":942,"column":0},"end":{"line":942,"column":13}},"942":{"start":{"line":943,"column":0},"end":{"line":943,"column":11}},"943":{"start":{"line":944,"column":0},"end":{"line":944,"column":43}},"944":{"start":{"line":945,"column":0},"end":{"line":945,"column":11}},"945":{"start":{"line":946,"column":0},"end":{"line":946,"column":20}},"946":{"start":{"line":947,"column":0},"end":{"line":947,"column":35}},"947":{"start":{"line":948,"column":0},"end":{"line":948,"column":69}},"948":{"start":{"line":949,"column":0},"end":{"line":949,"column":47}},"949":{"start":{"line":950,"column":0},"end":{"line":950,"column":17}},"950":{"start":{"line":951,"column":0},"end":{"line":951,"column":53}},"951":{"start":{"line":952,"column":0},"end":{"line":952,"column":11}},"952":{"start":{"line":953,"column":0},"end":{"line":953,"column":22}},"953":{"start":{"line":954,"column":0},"end":{"line":954,"column":50}},"954":{"start":{"line":955,"column":0},"end":{"line":955,"column":40}},"955":{"start":{"line":956,"column":0},"end":{"line":956,"column":42}},"956":{"start":{"line":957,"column":0},"end":{"line":957,"column":60}},"957":{"start":{"line":958,"column":0},"end":{"line":958,"column":37}},"958":{"start":{"line":959,"column":0},"end":{"line":959,"column":11}},"959":{"start":{"line":960,"column":0},"end":{"line":960,"column":29}},"960":{"start":{"line":961,"column":0},"end":{"line":961,"column":11}},"961":{"start":{"line":962,"column":0},"end":{"line":962,"column":39}},"962":{"start":{"line":963,"column":0},"end":{"line":963,"column":65}},"963":{"start":{"line":964,"column":0},"end":{"line":964,"column":61}},"964":{"start":{"line":965,"column":0},"end":{"line":965,"column":52}},"965":{"start":{"line":966,"column":0},"end":{"line":966,"column":16}},"966":{"start":{"line":967,"column":0},"end":{"line":967,"column":57}},"967":{"start":{"line":968,"column":0},"end":{"line":968,"column":11}},"968":{"start":{"line":969,"column":0},"end":{"line":969,"column":74}},"969":{"start":{"line":970,"column":0},"end":{"line":970,"column":41}},"970":{"start":{"line":971,"column":0},"end":{"line":971,"column":11}},"971":{"start":{"line":972,"column":0},"end":{"line":972,"column":42}},"972":{"start":{"line":973,"column":0},"end":{"line":973,"column":54}},"973":{"start":{"line":974,"column":0},"end":{"line":974,"column":11}},"974":{"start":{"line":975,"column":0},"end":{"line":975,"column":73}},"975":{"start":{"line":976,"column":0},"end":{"line":976,"column":53}},"976":{"start":{"line":977,"column":0},"end":{"line":977,"column":11}},"977":{"start":{"line":978,"column":0},"end":{"line":978,"column":63}},"978":{"start":{"line":979,"column":0},"end":{"line":979,"column":61}},"979":{"start":{"line":980,"column":0},"end":{"line":980,"column":70}},"980":{"start":{"line":981,"column":0},"end":{"line":981,"column":37}},"981":{"start":{"line":982,"column":0},"end":{"line":982,"column":54}},"982":{"start":{"line":983,"column":0},"end":{"line":983,"column":31}},"983":{"start":{"line":984,"column":0},"end":{"line":984,"column":46}},"984":{"start":{"line":985,"column":0},"end":{"line":985,"column":17}},"985":{"start":{"line":986,"column":0},"end":{"line":986,"column":16}},"986":{"start":{"line":987,"column":0},"end":{"line":987,"column":15}},"987":{"start":{"line":988,"column":0},"end":{"line":988,"column":11}},"988":{"start":{"line":989,"column":0},"end":{"line":989,"column":64}},"989":{"start":{"line":990,"column":0},"end":{"line":990,"column":29}},"990":{"start":{"line":991,"column":0},"end":{"line":991,"column":66}},"991":{"start":{"line":992,"column":0},"end":{"line":992,"column":83}},"992":{"start":{"line":993,"column":0},"end":{"line":993,"column":65}},"993":{"start":{"line":994,"column":0},"end":{"line":994,"column":29}},"994":{"start":{"line":995,"column":0},"end":{"line":995,"column":45}},"995":{"start":{"line":996,"column":0},"end":{"line":996,"column":57}},"996":{"start":{"line":997,"column":0},"end":{"line":997,"column":74}},"997":{"start":{"line":998,"column":0},"end":{"line":998,"column":61}},"998":{"start":{"line":999,"column":0},"end":{"line":999,"column":60}},"999":{"start":{"line":1000,"column":0},"end":{"line":1000,"column":63}},"1000":{"start":{"line":1001,"column":0},"end":{"line":1001,"column":18}},"1001":{"start":{"line":1002,"column":0},"end":{"line":1002,"column":17}},"1002":{"start":{"line":1003,"column":0},"end":{"line":1003,"column":16}},"1003":{"start":{"line":1004,"column":0},"end":{"line":1004,"column":15}},"1004":{"start":{"line":1005,"column":0},"end":{"line":1005,"column":15}},"1005":{"start":{"line":1006,"column":0},"end":{"line":1006,"column":44}},"1006":{"start":{"line":1007,"column":0},"end":{"line":1007,"column":32}},"1007":{"start":{"line":1008,"column":0},"end":{"line":1008,"column":57}},"1008":{"start":{"line":1009,"column":0},"end":{"line":1009,"column":74}},"1009":{"start":{"line":1010,"column":0},"end":{"line":1010,"column":86}},"1010":{"start":{"line":1011,"column":0},"end":{"line":1011,"column":16}},"1011":{"start":{"line":1012,"column":0},"end":{"line":1012,"column":15}},"1012":{"start":{"line":1013,"column":0},"end":{"line":1013,"column":11}},"1013":{"start":{"line":1014,"column":0},"end":{"line":1014,"column":40}},"1014":{"start":{"line":1015,"column":0},"end":{"line":1015,"column":69}},"1015":{"start":{"line":1016,"column":0},"end":{"line":1016,"column":60}},"1016":{"start":{"line":1017,"column":0},"end":{"line":1017,"column":15}},"1017":{"start":{"line":1018,"column":0},"end":{"line":1018,"column":11}},"1018":{"start":{"line":1019,"column":0},"end":{"line":1019,"column":37}},"1019":{"start":{"line":1020,"column":0},"end":{"line":1020,"column":66}},"1020":{"start":{"line":1021,"column":0},"end":{"line":1021,"column":83}},"1021":{"start":{"line":1022,"column":0},"end":{"line":1022,"column":69}},"1022":{"start":{"line":1023,"column":0},"end":{"line":1023,"column":29}},"1023":{"start":{"line":1024,"column":0},"end":{"line":1024,"column":45}},"1024":{"start":{"line":1025,"column":0},"end":{"line":1025,"column":57}},"1025":{"start":{"line":1026,"column":0},"end":{"line":1026,"column":36}},"1026":{"start":{"line":1027,"column":0},"end":{"line":1027,"column":40}},"1027":{"start":{"line":1028,"column":0},"end":{"line":1028,"column":51}},"1028":{"start":{"line":1029,"column":0},"end":{"line":1029,"column":78}},"1029":{"start":{"line":1030,"column":0},"end":{"line":1030,"column":65}},"1030":{"start":{"line":1031,"column":0},"end":{"line":1031,"column":38}},"1031":{"start":{"line":1032,"column":0},"end":{"line":1032,"column":64}},"1032":{"start":{"line":1033,"column":0},"end":{"line":1033,"column":36}},"1033":{"start":{"line":1034,"column":0},"end":{"line":1034,"column":65}},"1034":{"start":{"line":1035,"column":0},"end":{"line":1035,"column":39}},"1035":{"start":{"line":1036,"column":0},"end":{"line":1036,"column":74}},"1036":{"start":{"line":1037,"column":0},"end":{"line":1037,"column":50}},"1037":{"start":{"line":1038,"column":0},"end":{"line":1038,"column":52}},"1038":{"start":{"line":1039,"column":0},"end":{"line":1039,"column":61}},"1039":{"start":{"line":1040,"column":0},"end":{"line":1040,"column":19}},"1040":{"start":{"line":1041,"column":0},"end":{"line":1041,"column":18}},"1041":{"start":{"line":1042,"column":0},"end":{"line":1042,"column":61}},"1042":{"start":{"line":1043,"column":0},"end":{"line":1043,"column":23}},"1043":{"start":{"line":1044,"column":0},"end":{"line":1044,"column":71}},"1044":{"start":{"line":1045,"column":0},"end":{"line":1045,"column":33}},"1045":{"start":{"line":1046,"column":0},"end":{"line":1046,"column":64}},"1046":{"start":{"line":1047,"column":0},"end":{"line":1047,"column":25}},"1047":{"start":{"line":1048,"column":0},"end":{"line":1048,"column":44}},"1048":{"start":{"line":1049,"column":0},"end":{"line":1049,"column":49}},"1049":{"start":{"line":1050,"column":0},"end":{"line":1050,"column":63}},"1050":{"start":{"line":1051,"column":0},"end":{"line":1051,"column":24}},"1051":{"start":{"line":1052,"column":0},"end":{"line":1052,"column":36}},"1052":{"start":{"line":1053,"column":0},"end":{"line":1053,"column":45}},"1053":{"start":{"line":1054,"column":0},"end":{"line":1054,"column":41}},"1054":{"start":{"line":1055,"column":0},"end":{"line":1055,"column":60}},"1055":{"start":{"line":1056,"column":0},"end":{"line":1056,"column":50}},"1056":{"start":{"line":1057,"column":0},"end":{"line":1057,"column":65}},"1057":{"start":{"line":1058,"column":0},"end":{"line":1058,"column":35}},"1058":{"start":{"line":1059,"column":0},"end":{"line":1059,"column":41}},"1059":{"start":{"line":1060,"column":0},"end":{"line":1060,"column":25}},"1060":{"start":{"line":1061,"column":0},"end":{"line":1061,"column":22}},"1061":{"start":{"line":1062,"column":0},"end":{"line":1062,"column":50}},"1062":{"start":{"line":1063,"column":0},"end":{"line":1063,"column":40}},"1063":{"start":{"line":1064,"column":0},"end":{"line":1064,"column":39}},"1064":{"start":{"line":1065,"column":0},"end":{"line":1065,"column":22}},"1065":{"start":{"line":1066,"column":0},"end":{"line":1066,"column":21}},"1066":{"start":{"line":1067,"column":0},"end":{"line":1067,"column":27}},"1067":{"start":{"line":1068,"column":0},"end":{"line":1068,"column":44}},"1068":{"start":{"line":1069,"column":0},"end":{"line":1069,"column":40}},"1069":{"start":{"line":1070,"column":0},"end":{"line":1070,"column":45}},"1070":{"start":{"line":1071,"column":0},"end":{"line":1071,"column":49}},"1071":{"start":{"line":1072,"column":0},"end":{"line":1072,"column":64}},"1072":{"start":{"line":1073,"column":0},"end":{"line":1073,"column":32}},"1073":{"start":{"line":1074,"column":0},"end":{"line":1074,"column":24}},"1074":{"start":{"line":1075,"column":0},"end":{"line":1075,"column":21}},"1075":{"start":{"line":1076,"column":0},"end":{"line":1076,"column":49}},"1076":{"start":{"line":1077,"column":0},"end":{"line":1077,"column":38}},"1077":{"start":{"line":1078,"column":0},"end":{"line":1078,"column":21}},"1078":{"start":{"line":1079,"column":0},"end":{"line":1079,"column":20}},"1079":{"start":{"line":1080,"column":0},"end":{"line":1080,"column":19}},"1080":{"start":{"line":1081,"column":0},"end":{"line":1081,"column":18}},"1081":{"start":{"line":1082,"column":0},"end":{"line":1082,"column":17}},"1082":{"start":{"line":1083,"column":0},"end":{"line":1083,"column":16}},"1083":{"start":{"line":1084,"column":0},"end":{"line":1084,"column":15}},"1084":{"start":{"line":1085,"column":0},"end":{"line":1085,"column":11}},"1085":{"start":{"line":1086,"column":0},"end":{"line":1086,"column":43}},"1086":{"start":{"line":1087,"column":0},"end":{"line":1087,"column":76}},"1087":{"start":{"line":1088,"column":0},"end":{"line":1088,"column":57}},"1088":{"start":{"line":1089,"column":0},"end":{"line":1089,"column":42}},"1089":{"start":{"line":1090,"column":0},"end":{"line":1090,"column":20}},"1090":{"start":{"line":1091,"column":0},"end":{"line":1091,"column":39}},"1091":{"start":{"line":1092,"column":0},"end":{"line":1092,"column":30}},"1092":{"start":{"line":1093,"column":0},"end":{"line":1093,"column":62}},"1093":{"start":{"line":1094,"column":0},"end":{"line":1094,"column":22}},"1094":{"start":{"line":1095,"column":0},"end":{"line":1095,"column":42}},"1095":{"start":{"line":1096,"column":0},"end":{"line":1096,"column":38}},"1096":{"start":{"line":1097,"column":0},"end":{"line":1097,"column":58}},"1097":{"start":{"line":1098,"column":0},"end":{"line":1098,"column":21}},"1098":{"start":{"line":1099,"column":0},"end":{"line":1099,"column":33}},"1099":{"start":{"line":1100,"column":0},"end":{"line":1100,"column":42}},"1100":{"start":{"line":1101,"column":0},"end":{"line":1101,"column":38}},"1101":{"start":{"line":1102,"column":0},"end":{"line":1102,"column":62}},"1102":{"start":{"line":1103,"column":0},"end":{"line":1103,"column":39}},"1103":{"start":{"line":1104,"column":0},"end":{"line":1104,"column":32}},"1104":{"start":{"line":1105,"column":0},"end":{"line":1105,"column":38}},"1105":{"start":{"line":1106,"column":0},"end":{"line":1106,"column":22}},"1106":{"start":{"line":1107,"column":0},"end":{"line":1107,"column":19}},"1107":{"start":{"line":1108,"column":0},"end":{"line":1108,"column":47}},"1108":{"start":{"line":1109,"column":0},"end":{"line":1109,"column":37}},"1109":{"start":{"line":1110,"column":0},"end":{"line":1110,"column":36}},"1110":{"start":{"line":1111,"column":0},"end":{"line":1111,"column":19}},"1111":{"start":{"line":1112,"column":0},"end":{"line":1112,"column":18}},"1112":{"start":{"line":1113,"column":0},"end":{"line":1113,"column":24}},"1113":{"start":{"line":1114,"column":0},"end":{"line":1114,"column":41}},"1114":{"start":{"line":1115,"column":0},"end":{"line":1115,"column":37}},"1115":{"start":{"line":1116,"column":0},"end":{"line":1116,"column":47}},"1116":{"start":{"line":1117,"column":0},"end":{"line":1117,"column":38}},"1117":{"start":{"line":1118,"column":0},"end":{"line":1118,"column":29}},"1118":{"start":{"line":1119,"column":0},"end":{"line":1119,"column":21}},"1119":{"start":{"line":1120,"column":0},"end":{"line":1120,"column":18}},"1120":{"start":{"line":1121,"column":0},"end":{"line":1121,"column":46}},"1121":{"start":{"line":1122,"column":0},"end":{"line":1122,"column":35}},"1122":{"start":{"line":1123,"column":0},"end":{"line":1123,"column":18}},"1123":{"start":{"line":1124,"column":0},"end":{"line":1124,"column":17}},"1124":{"start":{"line":1125,"column":0},"end":{"line":1125,"column":16}},"1125":{"start
[...]
"line":46,"column":0},"end":{"line":46,"column":86}},"46":{"start":{"line":47,"column":0},"end":{"line":47,"column":12}},"47":{"start":{"line":48,"column":0},"end":{"line":48,"column":20}},"48":{"start":{"line":49,"column":0},"end":{"line":49,"column":5}},"49":{"start":{"line":50,"column":0},"end":{"line":50,"column":20}},"50":{"start":{"line":51,"column":0},"end":{"line":51,"column":0}},"51":{"start":{"line":52,"column":0},"end":{"line":52,"column":43}},"52":{"start":{"line":53,"column":0},"end":{"line":53,"column":28}},"53":{"start":{"line":54,"column":0},"end":{"line":54,"column":43}},"54":{"start":{"line":55,"column":0},"end":{"line":55,"column":0}},"55":{"start":{"line":56,"column":0},"end":{"line":56,"column":19}},"56":{"start":{"line":57,"column":0},"end":{"line":57,"column":17}},"57":{"start":{"line":58,"column":0},"end":{"line":58,"column":17}},"58":{"start":{"line":59,"column":0},"end":{"line":59,"column":43}},"59":{"start":{"line":60,"column":0},"end":{"line":60,"column":5}},"60":{"start":{"line":61,"column":0},"end":{"line":61,"column":22}},"61":{"start":{"line":62,"column":0},"end":{"line":62,"column":0}},"62":{"start":{"line":63,"column":0},"end":{"line":63,"column":28}},"63":{"start":{"line":64,"column":0},"end":{"line":64,"column":0}},"64":{"start":{"line":65,"column":0},"end":{"line":65,"column":40}},"65":{"start":{"line":66,"column":0},"end":{"line":66,"column":16}},"66":{"start":{"line":67,"column":0},"end":{"line":67,"column":19}},"67":{"start":{"line":68,"column":0},"end":{"line":68,"column":94}},"68":{"start":{"line":69,"column":0},"end":{"line":69,"column":25}},"69":{"start":{"line":70,"column":0},"end":{"line":70,"column":5}},"70":{"start":{"line":71,"column":0},"end":{"line":71,"column":3}},"71":{"start":{"line":72,"column":0},"end":{"line":72,"column":0}},"72":{"start":{"line":73,"column":0},"end":{"line":73,"column":10}},"73":{"start":{"line":74,"column":0},"end":{"line":74,"column":9}},"74":{"start":{"line":75,"column":0},"end":{"line":75,"column":24}},"75":{"start":{"line":76,"column":0},"end":{"line":76,"column":26}},"76":{"start":{"line":77,"column":0},"end":{"line":77,"column":32}},"77":{"start":{"line":78,"column":0},"end":{"line":78,"column":33}},"78":{"start":{"line":79,"column":0},"end":{"line":79,"column":44}},"79":{"start":{"line":80,"column":0},"end":{"line":80,"column":18}},"80":{"start":{"line":81,"column":0},"end":{"line":81,"column":57}},"81":{"start":{"line":82,"column":0},"end":{"line":82,"column":11}},"82":{"start":{"line":83,"column":0},"end":{"line":83,"column":9}},"83":{"start":{"line":84,"column":0},"end":{"line":84,"column":8}},"84":{"start":{"line":85,"column":0},"end":{"line":85,"column":34}},"85":{"start":{"line":86,"column":0},"end":{"line":86,"column":18}},"86":{"start":{"line":87,"column":0},"end":{"line":87,"column":41}},"87":{"start":{"line":88,"column":0},"end":{"line":88,"column":55}},"88":{"start":{"line":89,"column":0},"end":{"line":89,"column":27}},"89":{"start":{"line":90,"column":0},"end":{"line":90,"column":43}},"90":{"start":{"line":91,"column":0},"end":{"line":91,"column":25}},"91":{"start":{"line":92,"column":0},"end":{"line":92,"column":29}},"92":{"start":{"line":93,"column":0},"end":{"line":93,"column":27}},"93":{"start":{"line":94,"column":0},"end":{"line":94,"column":43}},"94":{"start":{"line":95,"column":0},"end":{"line":95,"column":39}},"95":{"start":{"line":96,"column":0},"end":{"line":96,"column":35}},"96":{"start":{"line":97,"column":0},"end":{"line":97,"column":33}},"97":{"start":{"line":98,"column":0},"end":{"line":98,"column":31}},"98":{"start":{"line":99,"column":0},"end":{"line":99,"column":14}},"99":{"start":{"line":100,"column":0},"end":{"line":100,"column":23}},"100":{"start":{"line":101,"column":0},"end":{"line":101,"column":26}},"101":{"start":{"line":102,"column":0},"end":{"line":102,"column":43}},"102":{"start":{"line":103,"column":0},"end":{"line":103,"column":33}},"103":{"start":{"line":104,"column":0},"end":{"line":104,"column":39}},"104":{"start":{"line":105,"column":0},"end":{"line":105,"column":29}},"105":{"start":{"line":106,"column":0},"end":{"line":106,"column":33}},"106":{"start":{"line":107,"column":0},"end":{"line":107,"column":39}},"107":{"start":{"line":108,"column":0},"end":{"line":108,"column":54}},"108":{"start":{"line":109,"column":0},"end":{"line":109,"column":16}},"109":{"start":{"line":110,"column":0},"end":{"line":110,"column":14}},"110":{"start":{"line":111,"column":0},"end":{"line":111,"column":28}},"111":{"start":{"line":112,"column":0},"end":{"line":112,"column":20}},"112":{"start":{"line":113,"column":0},"end":{"line":113,"column":19}},"113":{"start":{"line":114,"column":0},"end":{"line":114,"column":11}},"114":{"start":{"line":115,"column":0},"end":{"line":115,"column":3}},"115":{"start":{"line":116,"column":0},"end":{"line":116,"column":1}},"116":{"start":{"line":117,"column":0},"end":{"line":117,"column":0}},"117":{"start":{"line":118,"column":0},"end":{"line":118,"column":29}},"118":{"start":{"line":119,"column":0},"end":{"line":119,"column":21}},"119":{"start":{"line":120,"column":0},"end":{"line":120,"column":15}},"120":{"start":{"line":121,"column":0},"end":{"line":121,"column":38}},"121":{"start":{"line":122,"column":0},"end":{"line":122,"column":18}},"122":{"start":{"line":123,"column":0},"end":{"line":123,"column":16}},"123":{"start":{"line":124,"column":0},"end":{"line":124,"column":3}},"124":{"start":{"line":125,"column":0},"end":{"line":125,"column":1}},"125":{"start":{"line":126,"column":0},"end":{"line":126,"column":0}},"126":{"start":{"line":127,"column":0},"end":{"line":127,"column":30}},"127":{"start":{"line":128,"column":0},"end":{"line":128,"column":16}},"128":{"start":{"line":129,"column":0},"end":{"line":129,"column":1}},"129":{"start":{"line":130,"column":0},"end":{"line":130,"column":0}},"130":{"start":{"line":131,"column":0},"end":{"line":131,"column":35}},"131":{"start":{"line":132,"column":0},"end":{"line":132,"column":96}},"132":{"start":{"line":133,"column":0},"end":{"line":133,"column":28}},"133":{"start":{"line":134,"column":0},"end":{"line":134,"column":25}},"134":{"start":{"line":135,"column":0},"end":{"line":135,"column":26}},"135":{"start":{"line":136,"column":0},"end":{"line":136,"column":103}},"136":{"start":{"line":137,"column":0},"end":{"line":137,"column":10}},"137":{"start":{"line":138,"column":0},"end":{"line":138,"column":19}},"138":{"start":{"line":139,"column":0},"end":{"line":139,"column":21}},"139":{"start":{"line":140,"column":0},"end":{"line":140,"column":11}},"140":{"start":{"line":141,"column":0},"end":{"line":141,"column":9}},"141":{"start":{"line":142,"column":0},"end":{"line":142,"column":15}},"142":{"start":{"line":143,"column":0},"end":{"line":143,"column":0}},"143":{"start":{"line":144,"column":0},"end":{"line":144,"column":38}},"144":{"start":{"line":145,"column":0},"end":{"line":145,"column":83}},"145":{"start":{"line":146,"column":0},"end":{"line":146,"column":50}},"146":{"start":{"line":147,"column":0},"end":{"line":147,"column":99}},"147":{"start":{"line":148,"column":0},"end":{"line":148,"column":3}},"148":{"start":{"line":149,"column":0},"end":{"line":149,"column":1}}},"s":{"0":1,"1":1,"2":1,"3":1,"4":1,"5":1,"6":1,"7":1,"8":1,"9":1,"10":1,"11":1,"12":1,"13":1,"14":1,"15":0,"16":0,"17":0,"18":0,"19":0,"20":0,"21":0,"22":0,"23":0,"24":0,"25":0,"26":0,"27":0,"28":0,"29":0,"30":0,"31":0,"32":0,"33":0,"34":0,"35":0,"36":0,"37":0,"38":0,"39":0,"40":0,"41":1,"42":1,"43":1,"44":1,"45":1,"46":1,"47":1,"48":1,"49":1,"50":1,"51":1,"52":1,"53":1,"54":1,"55":1,"56":1,"57":1,"58":1,"59":1,"60":1,"61":1,"62":1,"63":1,"64":1,"65":0,"66":0,"67":0,"68":0,"69":0,"70":0,"71":1,"72":1,"73":1,"74":1,"75":0,"76":0,"77":0,"78":0,"79":0,"80":0,"81":0,"82":0,"83":0,"84":1,"85":1,"86":1,"87":1,"88":1,"89":1,"90":1,"91":1,"92":1,"93":1,"94":1,"95":1,"96":1,"97":1,"98":1,"99":1,"100":1,"101":1,"102":1,"103":1,"104":1,"105":1,"106":1,"107":1,"108":1,"109":1,"110":1,"111":1,"112":1,"113":1,"114":1,"115":1,"116":1,"117":1,"118":1,"119":1,"120":1,"121":1,"122":1,"123":1,"124":1,"125":1,"126":1,"127":1,"128":1,"129":1,"130":1,"131":1,"132":1,"133":1,"134":1,"135":1,"136":1,"137":1,"138":1,"139":1,"140":1,"141":1,"142":1,"143":1,"144":1,"145":1,"146":1,"147":1,"148":1},"branchMap":{},"b":{},"fnMap":{"0":{"name":"NavSearchBar","decl":{"start":{"line":9,"column":15},"end":{"line":116,"column":1}},"loc":{"start":{"line":9,"column":15},"end":{"line":116,"column":1}},"line":9},"1":{"name":"navigateToItem","decl":{"start":{"line":65,"column":25},"end":{"line":71,"column":3}},"loc":{"start":{"line":65,"column":25},"end":{"line":71,"column":3}},"line":65},"2":{"name":"onSubmit","decl":{"start":{"line":75,"column":16},"end":{"line":84,"column":8}},"loc":{"start":{"line":75,"column":16},"end":{"line":84,"column":8}},"line":75},"3":{"name":"_c3","decl":{"start":{"line":132,"column":22},"end":{"line":132,"column":96}},"loc":{"start":{"line":132,"column":22},"end":{"line":132,"column":96}},"line":132},"4":{"name":"_c3","decl":{"start":{"line":135,"column":16},"end":{"line":136,"column":103}},"loc":{"start":{"line":135,"column":16},"end":{"line":136,"column":103}},"line":135},"5":{"name":"_c3","decl":{"start":{"line":144,"column":4},"end":{"line":144,"column":35}},"loc":{"start":{"line":144,"column":4},"end":{"line":144,"column":35}},"line":144},"6":{"name":"_c3","decl":{"start":{"line":145,"column":21},"end":{"line":145,"column":83}},"loc":{"start":{"line":145,"column":21},"end":{"line":145,"column":83}},"line":145}},"f":{"0":2,"1":0,"2":0,"3":2,"4":2,"5":2,"6":2},"originalUrl":"webpack-internal:///./src/components/misc/search/NavSearchBar.js"},"/home/david/workspace/impactco2/_N_E/src/components/misc/search/searchBar/TextInputSmall.js?5db0": {"path":"/home/david/workspace/impactco2/_N_E/src/components/misc/search/searchBar/TextInputSmall.js?5db0","all":false,"statementMap":{"0":{"start":{"line":1,"column":0},"end":{"line":1,"column":25}},"1":{"start":{"line":2,"column":0},"end":{"line":2,"column":38}},"2":{"start":{"line":3,"column":0},"end":{"line":3,"column":0}},"3":{"start":{"line":4,"column":0},"end":{"line":4,"column":27}},"4":{"start":{"line":5,"column":0},"end":{"line":5,"column":19}},"5":{"start":{"line":6,"column":0},"end":{"line":6,"column":21}},"6":{"start":{"line":7,"column":0},"end":{"line":7,"column":1}},"7":{"start":{"line":8,"column":0},"end":{"line":8,"column":27}},"8":{"start":{"line":9,"column":0},"end":{"line":9,"column":559}},"9":{"start":{"line":10,"column":0},"end":{"line":10,"column":31}},"10":{"start":{"line":11,"column":0},"end":{"line":11,"column":31}},"11":{"start":{"line":12,"column":0},"end":{"line":12,"column":22}},"12":{"start":{"line":13,"column":0},"end":{"line":13,"column":38}},"13":{"start":{"line":14,"column":0},"end":{"line":14,"column":24}},"14":{"start":{"line":15,"column":0},"end":{"line":15,"column":3}},"15":{"start":{"line":16,"column":0},"end":{"line":16,"column":39}},"16":{"start":{"line":17,"column":0},"end":{"line":17,"column":24}},"17":{"start":{"line":18,"column":0},"end":{"line":18,"column":3}},"18":{"start":{"line":19,"column":0},"end":{"line":19,"column":15}},"19":{"start":{"line":20,"column":0},"end":{"line":20,"column":47}},"20":{"start":{"line":21,"column":0},"end":{"line":21,"column":17}},"21":{"start":{"line":22,"column":0},"end":{"line":22,"column":22}},"22":{"start":{"line":23,"column":0},"end":{"line":23,"column":20}},"23":{"start":{"line":24,"column":0},"end":{"line":24,"column":21}},"24":{"start":{"line":25,"column":0},"end":{"line":25,"column":14}},"25":{"start":{"line":26,"column":0},"end":{"line":26,"column":0}},"26":{"start":{"line":27,"column":0},"end":{"line":27,"column":18}},"27":{"start":{"line":28,"column":0},"end":{"line":28,"column":49}},"28":{"start":{"line":29,"column":0},"end":{"line":29,"column":17}},"29":{"start":{"line":30,"column":0},"end":{"line":30,"column":3}},"30":{"start":{"line":31,"column":0},"end":{"line":31,"column":11}},"31":{"start":{"line":32,"column":0},"end":{"line":32,"column":18}},"32":{"start":{"line":33,"column":0},"end":{"line":33,"column":3}},"33":{"start":{"line":34,"column":0},"end":{"line":34,"column":1}},"34":{"start":{"line":35,"column":0},"end":{"line":35,"column":0}},"35":{"start":{"line":36,"column":0},"end":{"line":36,"column":64}},"36":{"start":{"line":37,"column":0},"end":{"line":37,"column":10}},"37":{"start":{"line":38,"column":0},"end":{"line":38,"column":13}},"38":{"start":{"line":39,"column":0},"end":{"line":39,"column":12}},"39":{"start":{"line":40,"column":0},"end":{"line":40,"column":17}},"40":{"start":{"line":41,"column":0},"end":{"line":41,"column":19}},"41":{"start":{"line":42,"column":0},"end":{"line":42,"column":39}},"42":{"start":{"line":43,"column":0},"end":{"line":43,"column":28}},"43":{"start":{"line":44,"column":0},"end":{"line":44,"column":57}},"44":{"start":{"line":45,"column":0},"end":{"line":45,"column":44}},"45":{"start":{"line":46,"column":0},"end":{"line":46,"column":44}},"46":{"start":{"line":47,"column":0},"end":{"line":47,"column":8}},"47":{"start":{"line":48,"column":0},"end":{"line":48,"column":14}},"48":{"start":{"line":49,"column":0},"end":{"line":49,"column":3}},"49":{"start":{"line":50,"column":0},"end":{"line":50,"column":2}}},"s":{"0":1,"1":1,"2":1,"3":1,"4":1,"5":1,"6":1,"7":1,"8":1,"9":1,"10":1,"11":1,"12":1,"13":1,"14":1,"15":1,"16":1,"17":1,"18":1,"19":1,"20":1,"21":1,"22":1,"23":1,"24":1,"25":1,"26":1,"27":1,"28":1,"29":1,"30":1,"31":1,"32":1,"33":1,"34":1,"35":1,"36":1,"37":1,"38":1,"39":1,"40":1,"41":1,"42":1,"43":1,"44":1,"45":1,"46":1,"47":1,"48":1,"49":1},"branchMap":{},"b":{},"fnMap":{"0":{"name":"_c1","decl":{"start":{"line":13,"column":4},"end":{"line":13,"column":35}},"loc":{"start":{"line":13,"column":4},"end":{"line":13,"column":35}},"line":13},"1":{"name":"_c1","decl":{"start":{"line":16,"column":4},"end":{"line":16,"column":36}},"loc":{"start":{"line":16,"column":4},"end":{"line":16,"column":36}},"line":16},"2":{"name":"TextInput","decl":{"start":{"line":36,"column":32},"end":{"line":50,"column":2}},"loc":{"start":{"line":36,"column":32},"end":{"line":50,"column":2}},"line":36},"3":{"name":"onChange","decl":{"start":{"line":44,"column":18},"end":{"line":44,"column":57}},"loc":{"start":{"line":44,"column":18},"end":{"line":44,"column":57}},"line":44},"4":{"name":"onFocus","decl":{"start":{"line":45,"column":17},"end":{"line":45,"column":44}},"loc":{"start":{"line":45,"column":17},"end":{"line":45,"column":44}},"line":45},"5":{"name":"onBlur","decl":{"start":{"line":46,"column":16},"end":{"line":46,"column":44}},"loc":{"start":{"line":46,"column":16},"end":{"line":46,"column":44}},"line":46}},"f":{"0":2,"1":2,"2":2,"3":0,"4":0,"5":0},"originalUrl":"webpack-internal:///./src/components/misc/search/searchBar/TextInputSmall.js"},"/home/david/workspace/impactco2/_N_E/src/hooks/useIframe.js?8023": {"path":"/home/david/workspace/impactco2/_N_E/src/hooks/useIframe.js?8023","all":false,"statementMap":{"0":{"start":{"line":1,"column":0},"end":{"line":1,"column":43}},"1":{"start":{"line":2,"column":0},"end":{"line":2,"column":0}},"2":{"start":{"line":3,"column":0},"end":{"line":3,"column":37}},"3":{"start":{"line":4,"column":0},"end":{"line":4,"column":45}},"4":{"start":{"line":5,"column":0},"end":{"line":5,"column":19}},"5":{"start":{"line":6,"column":0},"end":{"line":6,"column":58}},"6":{"start":{"line":7,"column":0},"end":{"line":7,"column":8}},"7":{"start":{"line":8,"column":0},"end":{"line":8,"column":0}},"8":{"start":{"line":9,"column":0},"end":{"line":9,"column":15}},"9":{"start":{"line":10,"column":0},"end":{"line":10,"column":1}}},"s":{"0":1,"1":1,"2":1,"3":1,"4":1,"5":1,"6":1,"7":1,"8":1,"9":1},"branchMap":{},"b":{},"fnMap":{},"f":{},"originalUrl":"webpack-internal:///./src/hooks/useIframe.js"},"/home/david/workspace/impactco2/_N_E/node_modules/next/dist/compiled/web-vitals/web-vitals.js?09f4": {"path":"/home/david/workspace/impactco2/_N_E/node_modules/next/dist/compiled/web-vitals/web-vitals.js?09f4","all":false,"statementMap":{"0":{"start":{"line":1,"column":0},"end":{"line":1,"column":7325}}},"s":{"0":1},"branchMap":{"0":{"type":"branch","line":1,"loc":{"start":{"line":1,"column":1957},"end":{"line":1,"column":2148}},"locations":[{"start":{"line":1,"column":1957},"end":{"line":1,"column":2148}}]},"1":{"type":"branch","line":1,"loc":{"start":{"line":1,"column":1976},"end":{"line":1,"column":2074}},"locations":[{"start":{"line":1,"column":1976},"end":{"line":1,"column":2074}}]},"2":{"type":"branch","line":1,"loc":{"start":{"line":1,"column":1976},"end":{"line":1,"column":2074}},"locations":[{"start":{"line":1,"column":1976},"end":{"line":1,"column":2074}}]},"3":{"type":"branch","line":1,"loc":{"start":{"line":1,"column":1976},"end":{"line":1,"column":2074}},"locations":[{"start":{"line":1,"column":1976},"end":{"line":1,"column":2074}}]},"4":{"type":"branch","line":1,"loc":{"start":{"line":1,"column":1976},"end":{"line":1,"column":2148}},"locations":[{"start":{"line":1,"column":1976},"end":{"line":1,"column":2148}}]},"5":{"type":"branch","line":1,"loc":{"start":{"line":1,"column":1976},"end":{"line":1,"column":2129}},"locations":[{"start":{"line":1,"column":1976},"end":{"line":1,"column":2129}}]},"6":{"type":"branch","line":1,"loc":{"start":{"line":1,"column":2074},"end":{"line":1,"column":2129}},"locations":[{"start":{"line":1,"column":2074},"end":{"line":1,"column":2129}}]},"7":{"type":"branch","line":1,"loc":{"start":{"line":1,"column":2074},"end":{"line":1,"column":2129}},"locations":[{"start":{"line":1,"column":2074},"end":{"line":1,"column":2129}}]},"8":{"type":"branch","line":1,"loc":{"start":{"line":1,"column":2074},"end":{"line":1,"column":2129}},"locations":[{"start":{"line":1,"column":2074},"end":{"line":1,"column":2129}}]},"9":{"type":"branch","line":1,"loc":{"start":{"line":1,"column":2389},"end":{"line":1,"column":2422}},"locations":[{"start":{"line":1,"column":2389},"end":{"line":1,"column":2422}}]},"10":{"type":"branch","line":1,"loc":{"start":{"line":1,"column":2447},"end":{"line":1,"column":2659}},"locations":[{"start":{"line":1,"column":2447},"end":{"line":1,"column":2659}}]},"11":{"type":"branch","line":1,"loc":{"start":{"line":1,"column":2497},"end":{"line":1,"column":2656}},"locations":[{"start":{"line":1,"column":2497},"end":{"line":1,"column":2656}}]},"12":{"type":"branch","line":1,"loc":{"start":{"line":1,"column":2520},"end":{"line":1,"column":2656}},"locations":[{"start":{"line":1,"column":2520},"end":{"line":1,"column":2656}}]},"13":{"type":"branch","line":1,"loc":{"start":{"line":1,"column":6216},"end":{"line":1,"column":6366}},"locations":[{"start":{"line":1,"column":6216},"end":{"line":1,"column":6366}}]}},"b":{"0":[4],"1":[1],"2":[3],"3":[0],"4":[3],"5":[3],"6":[0],"7":[2],"8":[1],"9":[3],"10":[2],"11":[4],"12":[2],"13":[1]},"fnMap":{"0":{"name":"o","decl":{"start":{"line":1,"column":845},"end":{"line":1,"column":959}},"loc":{"start":{"line":1,"column":845},"end":{"line":1,"column":959}},"line":1},"1":{"name":"c","decl":{"start":{"line":1,"column":959},"end":{"line":1,"column":1076}},"loc":{"start":{"line":1,"column":959},"end":{"line":1,"column":1076}},"line":1},"2":{"name":"u","decl":{"start":{"line":1,"column":1076},"end":{"line":1,"column":1131}},"loc":{"start":{"line":1,"column":1076},"end":{"line":1,"column":1131}},"line":1},"3":{"name":"get firstHiddenTime","decl":{"start":{"line":1,"column":2389},"end":{"line":1,"column":2422}},"loc":{"start":{"line":1,"column":2389},"end":{"line":1,"column":2422}},"line":1},"4":{"name":"c","decl":{"start":{"line":1,"column":2447},"end":{"line":1,"column":2659}},"loc":{"start":{"line":1,"column":2447},"end":{"line":1,"column":2659}},"line":1},"5":{"name":"c","decl":{"start":{"line":1,"column":6216},"end":{"line":1,"column":6366}},"loc":{"start":{"line":1,"column":6216},"end":{"line":1,"column":6366}},"line":1}},"f":{"0":1,"1":5,"2":4,"3":3,"4":2,"5":1},"originalUrl":"webpack-internal:///./node_modules/next/dist/compiled/web-vitals/web-vitals.js"}}